Trial 24:
  lr=0.000100, batch_size=256, tau=0.001000, noise_std=0.15, noise_decay=0.999

============================================================
Starting Optuna optimization for DQN
Trials: 50 | Episodes per trial: 100
============================================================

  0%|                                                                                             | 0/50 [00:00<?, ?it/s]
Trial 0:
  lr=0.001000, batch_size=128, tau=0.005000, noise_std=0.10, noise_decay=0.995
                                                                                                                           Ep 25/100 | Reward: 7411.09 | Actor Loss: 3718.5813 | Critic Loss: 114236.8636         | 24/100 [00:14<00:50,  1.50it/s]
                                                                                                                           Ep 50/100 | Reward: 7303.47 | Actor Loss: 3606.0983 | Critic Loss: 299691.2493         | 49/100 [00:31<00:38,  1.32it/s]
                                                                                                                           Ep 75/100 | Reward: 7416.37 | Actor Loss: 3420.2687 | Critic Loss: 207504.3923         | 74/100 [00:49<00:19,  1.30it/s]
                                                                                                                           Ep 100/100 | Reward: 7252.50 | Actor Loss: 3211.0875 | Critic Loss: 375952.2228███████▎| 99/100 [01:07<00:00,  1.43it/s]
                                                                                                                           Trial 0 complete: 7198.10

[I 2025-11-24 11:04:59,315] Trial 0 finished with value: 7198.095463177713 and parameters: {'lr': 0.001, 'batch_size': 128, 'tau': 0.005, 'noise_std': 0.1, 'noise_decay': 0.995}. Best is trial 0 with value: 7198.09546317771.
Best trial: 0. Best value: 7198.1:   2%|▉                                               | 1/50 [01:18<1:04:16, 78.71s/it]
Trial 4:
  lr=0.000100, batch_size=64, tau=0.005000, noise_std=0.10, noise_decay=0.998
                                                                                                                           Ep 25/100 | Reward: 7584.16 | Actor Loss: -3963.3363 | Critic Loss: 131381.5215        | 24/100 [00:17<00:55,  1.36it/s]
                                                                                                                           Ep 50/100 | Reward: 7335.54 | Actor Loss: -2492.7723 | Critic Loss: 56428.4487         | 49/100 [00:36<00:35,  1.43it/s]
                                                                                                                           Ep 75/100 | Reward: 7447.89 | Actor Loss: -2349.2050 | Critic Loss: 64146.6685         | 74/100 [00:52<00:18,  1.42it/s]
                                                                                                                           Ep 100/100 | Reward: 7280.66 | Actor Loss: -2221.1818 | Critic Loss: 31704.6316███████▎| 99/100 [01:11<00:00,  1.41it/s]
                                                                                                                           Trial 4 complete: 7226.26

[I 2025-11-24 11:06:18,545] Trial 4 finished with value: 7226.258809574097 and parameters: {'lr': 0.0001, 'batch_size': 64, 'tau': 0.005, 'noise_std': 0.1, 'noise_decay': 0.998}. Best is trial 2 with value: 7724.17701347174.
Best trial: 2. Best value: 7724.18:   4%|█▉                                             | 2/50 [02:35<1:02:15, 77.83s/it]
Trial 8:
  lr=0.003000, batch_size=128, tau=0.010000, noise_std=0.05, noise_decay=0.998
                                                                                                                           Ep 25/100 | Reward: 7112.37 | Actor Loss: 3582.9462 | Critic Loss: 211815.0677         | 24/100 [00:23<01:14,  1.01it/s]
                                                                                                                           Ep 50/100 | Reward: 6605.11 | Actor Loss: 3497.4020 | Critic Loss: 175206.4696         | 49/100 [00:47<00:48,  1.06it/s]
                                                                                                                           Ep 75/100 | Reward: 6744.44 | Actor Loss: 3330.1174 | Critic Loss: 177062.9913         | 74/100 [01:11<00:25,  1.01it/s]
                                                                                                                           Ep 100/100 | Reward: 6572.15 | Actor Loss: 3151.6657 | Critic Loss: 113641.3848███████▎| 99/100 [01:32<00:00,  1.41it/s]
                                                                                                                           Trial 8 complete: 6394.34

[I 2025-11-24 11:07:59,955] Trial 8 finished with value: 6394.340557503975 and parameters: {'lr': 0.003, 'batch_size': 128, 'tau': 0.01, 'noise_std': 0.05, 'noise_decay': 0.998}. Best is trial 6 with value: 8893.9497403632.
Best trial: 6. Best value: 8893.95:   6%|██▊                                            | 3/50 [04:18<1:09:45, 89.06s/it]
Trial 14:
  lr=0.000100, batch_size=256, tau=0.001000, noise_std=0.20, noise_decay=0.999
                                                                                                                           Ep 25/100 | Reward: 7480.45 | Actor Loss: -5738.9134 | Critic Loss: 236609.3071        | 24/100 [00:19<01:10,  1.07it/s]
                                                                                                                           Ep 50/100 | Reward: 7370.38 | Actor Loss: -5545.7998 | Critic Loss: 321461.7949        | 49/100 [00:43<00:49,  1.03it/s]
                                                                                                                           Ep 75/100 | Reward: 7499.88 | Actor Loss: -5507.9365 | Critic Loss: 427806.2815        | 74/100 [01:08<00:26,  1.02s/it]
                                                                                                                           Ep 100/100 | Reward: 7332.39 | Actor Loss: -5492.7351 | Critic Loss: 265009.9347██████▎| 99/100 [01:35<00:00,  1.02it/s]
                                                                                                                           Trial 14 complete: 7283.13

[I 2025-11-24 11:09:41,924] Trial 14 finished with value: 7283.133231356658 and parameters: {'lr': 0.0001, 'batch_size': 256, 'tau': 0.001, 'noise_std': 0.2, 'noise_decay': 0.999}. Best is trial 6 with value: 8893.9497403632.
Best trial: 6. Best value: 8893.95:   8%|███▊                                           | 4/50 [05:59<1:11:53, 93.76s/it]
Trial 18:
  lr=0.000300, batch_size=256, tau=0.003000, noise_std=0.15, noise_decay=0.990
                                                                                                                           Ep 25/100 | Reward: 8019.37 | Actor Loss: 8674.2068 | Critic Loss: 2106536.0069        | 24/100 [00:21<01:08,  1.11it/s]
                                                                                                                           Ep 50/100 | Reward: 7809.07 | Actor Loss: 8164.4836 | Critic Loss: 1210492.9550        | 49/100 [00:45<00:58,  1.14s/it]
                                                                                                                           Ep 75/100 | Reward: 7752.04 | Actor Loss: 7312.0307 | Critic Loss: 599660.4606         | 74/100 [01:14<00:36,  1.40s/it]
                                                                                                                           Ep 100/100 | Reward: 7242.50 | Actor Loss: 6234.9490 | Critic Loss: 999965.7055███████▎| 99/100 [01:46<00:01,  1.41s/it]
                                                                                                                           Trial 18 complete: 6881.22

[I 2025-11-24 11:11:36,636] Trial 18 finished with value: 6881.216944682894 and parameters: {'lr': 0.0003, 'batch_size': 256, 'tau': 0.003, 'noise_std': 0.15, 'noise_decay': 0.99}. Best is trial 6 with value: 8893.9497403632.
Best trial: 6. Best value: 8893.95:  10%|████▌                                         | 5/50 [07:54<1:16:04, 101.44s/it]
Trial 26:
  lr=0.000100, batch_size=256, tau=0.001000, noise_std=0.20, noise_decay=0.999
                                                                                                                           Ep 25/100 | Reward: 7397.64 | Actor Loss: -8088.0246 | Critic Loss: 928349.8729        | 24/100 [00:41<01:57,  1.55s/it]
                                                                                                                           Ep 50/100 | Reward: 7244.49 | Actor Loss: -8248.5684 | Critic Loss: 751092.0779        | 49/100 [01:21<01:32,  1.81s/it]
                                                                                                                           Ep 75/100 | Reward: 7460.67 | Actor Loss: -8128.9502 | Critic Loss: 826107.3285        | 74/100 [02:03<00:42,  1.62s/it]
                                                                                                                           Ep 100/100 | Reward: 7351.81 | Actor Loss: -8123.2878 | Critic Loss: 906814.4709██████▎| 99/100 [02:40<00:01,  1.63s/it]
                                                                                                                           Trial 26 complete: 7320.22

[I 2025-11-24 11:14:30,477] Trial 26 finished with value: 7320.223904217276 and parameters: {'lr': 0.0001, 'batch_size': 256, 'tau': 0.001, 'noise_std': 0.2, 'noise_decay': 0.999}. Best is trial 24 with value: 9236.26405548471.
Best trial: 24. Best value: 9236.26:  12%|█████▍                                       | 6/50 [10:48<1:32:32, 126.20s/it]
Trial 34:
  lr=0.000100, batch_size=256, tau=0.001000, noise_std=0.20, noise_decay=0.999
                                                                                                                           Ep 25/100 | Reward: 8197.60 | Actor Loss: 17753.2759 | Critic Loss: 7050271.5850       | 24/100 [00:41<02:03,  1.62s/it]
                                                                                                                           Ep 50/100 | Reward: 8458.37 | Actor Loss: 18302.0438 | Critic Loss: 3817653.2837       | 49/100 [01:20<01:24,  1.66s/it]
                                                                                                                           Ep 75/100 | Reward: 8527.73 | Actor Loss: 18686.7308 | Critic Loss: 5631653.2800       | 74/100 [01:58<00:30,  1.18s/it]
                                                                                                                           Ep 100/100 | Reward: 8279.42 | Actor Loss: 17854.5352 | Critic Loss: 4656567.7475█████▎| 99/100 [02:37<00:01,  1.30s/it]
                                                                                                                           Trial 34 complete: 8253.78

[I 2025-11-24 11:17:16,687] Trial 34 finished with value: 8253.782932299087 and parameters: {'lr': 0.0001, 'batch_size': 256, 'tau': 0.001, 'noise_std': 0.2, 'noise_decay': 0.999}. Best is trial 24 with value: 9236.26405548471.
Best trial: 24. Best value: 9236.26:  14%|██████▎                                      | 7/50 [13:34<1:39:43, 139.14s/it]
Trial 42:
  lr=0.001000, batch_size=128, tau=0.005000, noise_std=0.05, noise_decay=0.999
                                                                                                                           Ep 25/100 | Reward: 7815.71 | Actor Loss: 1727.9475 | Critic Loss: 1491724.9812        | 24/100 [00:42<01:44,  1.38s/it]
                                                                                                                           Ep 50/100 | Reward: 7531.27 | Actor Loss: 4161.0688 | Critic Loss: 538097.5106         | 49/100 [01:17<01:14,  1.46s/it]
                                                                                                                           Ep 75/100 | Reward: 7741.06 | Actor Loss: 838.1150 | Critic Loss: 344328.4359          | 74/100 [01:47<00:33,  1.30s/it]
                                                                                                                           Ep 100/100 | Reward: 7639.26 | Actor Loss: -1248.5466 | Critic Loss: 169706.5027██████▎| 99/100 [02:20<00:01,  1.37s/it]
                                                                                                                           Trial 42 complete: 7494.82

[I 2025-11-24 11:19:46,315] Trial 42 finished with value: 7494.815289402385 and parameters: {'lr': 0.001, 'batch_size': 128, 'tau': 0.005, 'noise_std': 0.05, 'noise_decay': 0.999}. Best is trial 24 with value: 9236.26405548471.
Best trial: 24. Best value: 9236.26:  16%|███████▏                                     | 8/50 [16:04<1:39:47, 142.55s/it]
Trial 50:
  lr=0.003000, batch_size=64, tau=0.010000, noise_std=0.10, noise_decay=0.998
                                                                                                                           Ep 25/100 | Reward: 8100.94 | Actor Loss: 19732.1145 | Critic Loss: 7855957.1875       | 24/100 [00:32<01:34,  1.25s/it]
                                                                                                                           Ep 50/100 | Reward: 7925.52 | Actor Loss: 19894.6295 | Critic Loss: 9097819.0900       | 49/100 [01:14<01:12,  1.42s/it]
                                                                                                                           Ep 75/100 | Reward: 8008.40 | Actor Loss: 19423.2355 | Critic Loss: 6434009.5500       | 74/100 [01:49<00:39,  1.54s/it]
                                                                                                                           Ep 100/100 | Reward: 7835.95 | Actor Loss: 19021.7393 | Critic Loss: 6201234.7000█████▎| 99/100 [02:30<00:01,  1.90s/it]
                                                                                                                           Trial 50 complete: 7656.26

[I 2025-11-24 11:22:32,215] Trial 50 finished with value: 7656.255617362434 and parameters: {'lr': 0.003, 'batch_size': 64, 'tau': 0.01, 'noise_std': 0.1, 'noise_decay': 0.998}. Best is trial 24 with value: 9236.26405548471.

============================================================
Starting Optuna optimization for DQN
Trials: 50 | Episodes per trial: 100
============================================================

  0%|                                                                                             | 0/50 [00:00<?, ?it/s]
Trial 3:
  lr=0.000300, batch_size=128, tau=0.010000, noise_std=0.10, noise_decay=0.995
                                                                                                                           Ep 25/100 | Reward: 7703.82 | Actor Loss: 686.2497 | Critic Loss: 240550.6313          | 24/100 [00:17<00:53,  1.43it/s]
                                                                                                                           Ep 50/100 | Reward: 7311.34 | Actor Loss: -2246.9865 | Critic Loss: 90922.0577         | 49/100 [00:32<00:31,  1.60it/s]
                                                                                                                           Ep 75/100 | Reward: 7416.16 | Actor Loss: -2126.9636 | Critic Loss: 34882.2316         | 74/100 [00:51<00:18,  1.40it/s]
                                                                                                                           Ep 100/100 | Reward: 7246.74 | Actor Loss: -2032.0338 | Critic Loss: 62445.2699███████▎| 99/100 [01:10<00:00,  1.39it/s]
                                                                                                                           Trial 3 complete: 7190.29

[I 2025-11-24 11:05:48,877] Trial 3 finished with value: 7190.288211400841 and parameters: {'lr': 0.0003, 'batch_size': 128, 'tau': 0.01, 'noise_std': 0.1, 'noise_decay': 0.995}. Best is trial 2 with value: 7724.17701347174.
Best trial: 2. Best value: 7724.18:   2%|▉                                              | 1/50 [01:30<1:14:02, 90.67s/it]
Trial 7:
  lr=0.000100, batch_size=256, tau=0.010000, noise_std=0.20, noise_decay=0.995
                                                                                                                           Ep 25/100 | Reward: 7496.57 | Actor Loss: 395.0065 | Critic Loss: 18334.0832           | 24/100 [00:18<00:57,  1.32it/s]
                                                                                                                           Ep 50/100 | Reward: 7382.52 | Actor Loss: 218.2282 | Critic Loss: 10789.6925           | 49/100 [00:41<00:52,  1.04s/it]
                                                                                                                           Ep 75/100 | Reward: 7488.48 | Actor Loss: 54.5249 | Critic Loss: 5162.5835             | 74/100 [01:06<00:24,  1.04it/s]
                                                                                                                           Ep 100/100 | Reward: 7240.09 | Actor Loss: -168.7218 | Critic Loss: 2158.9439█████████▎| 99/100 [01:31<00:01,  1.01s/it]
                                                                                                                           Trial 7 complete: 7103.58

[I 2025-11-24 11:07:33,007] Trial 7 finished with value: 7103.580290060345 and parameters: {'lr': 0.0001, 'batch_size': 256, 'tau': 0.01, 'noise_std': 0.2, 'noise_decay': 0.995}. Best is trial 6 with value: 8893.9497403632.
Best trial: 6. Best value: 8893.95:   4%|█▉                                             | 2/50 [03:12<1:17:41, 97.11s/it]
Trial 11:
  lr=0.001000, batch_size=64, tau=0.010000, noise_std=0.20, noise_decay=0.995
                                                                                                                           Ep 25/100 | Reward: 7510.90 | Actor Loss: 19130.3806 | Critic Loss: 4761151.7769       | 24/100 [00:18<00:53,  1.42it/s]
                                                                                                                           Ep 50/100 | Reward: 7382.02 | Actor Loss: 18498.0261 | Critic Loss: 5603593.1582       | 49/100 [00:35<00:35,  1.42it/s]
                                                                                                                           Ep 75/100 | Reward: 7477.96 | Actor Loss: 18345.0220 | Critic Loss: 4192653.7744       | 74/100 [00:57<00:23,  1.09it/s]
                                                                                                                           Ep 100/100 | Reward: 7307.05 | Actor Loss: 17548.4816 | Critic Loss: 3310730.3034█████▎| 99/100 [01:20<00:00,  1.10it/s]
                                                                                                                           Trial 11 complete: 7243.93

[I 2025-11-24 11:09:00,029] Trial 11 finished with value: 7243.933312064837 and parameters: {'lr': 0.001, 'batch_size': 64, 'tau': 0.01, 'noise_std': 0.2, 'noise_decay': 0.995}. Best is trial 6 with value: 8893.9497403632.
Best trial: 6. Best value: 8893.95:   6%|██▊                                            | 3/50 [04:39<1:12:22, 92.40s/it]
Trial 15:
  lr=0.000100, batch_size=256, tau=0.001000, noise_std=0.15, noise_decay=0.999
                                                                                                                           Ep 25/100 | Reward: 7450.26 | Actor Loss: -3073.3248 | Critic Loss: 126205.5519        | 24/100 [00:24<01:14,  1.02it/s]
                                                                                                                           Ep 50/100 | Reward: 7159.81 | Actor Loss: -2690.3929 | Critic Loss: 66213.5298         | 49/100 [00:43<00:38,  1.33it/s]
                                                                                                                           Ep 75/100 | Reward: 7271.23 | Actor Loss: -2701.7707 | Critic Loss: 82546.0703         | 74/100 [01:04<00:19,  1.36it/s]
                                                                                                                           Ep 100/100 | Reward: 7090.13 | Actor Loss: -2644.7046 | Critic Loss: 69996.4063███████▎| 99/100 [01:26<00:00,  1.14it/s]
                                                                                                                           Trial 15 complete: 7011.40

[I 2025-11-24 11:10:40,110] Trial 15 finished with value: 7011.40453294489 and parameters: {'lr': 0.0001, 'batch_size': 256, 'tau': 0.001, 'noise_std': 0.15, 'noise_decay': 0.999}. Best is trial 6 with value: 8893.9497403632.
Best trial: 6. Best value: 8893.95:   8%|███▊                                           | 4/50 [06:19<1:13:11, 95.46s/it]
Trial 20:
  lr=0.000300, batch_size=256, tau=0.003000, noise_std=0.15, noise_decay=0.990
                                                                                                                           Ep 25/100 | Reward: 8423.12 | Actor Loss: 10264.5324 | Critic Loss: 2225151.0175       | 24/100 [00:30<01:58,  1.57s/it]
                                                                                                                           Ep 50/100 | Reward: 7955.19 | Actor Loss: 10234.8329 | Critic Loss: 1665528.5075       | 49/100 [01:13<01:45,  2.07s/it]
                                                                                                                           Ep 75/100 | Reward: 7953.08 | Actor Loss: 9702.3311 | Critic Loss: 1881070.3375        | 74/100 [01:51<00:34,  1.34s/it]
                                                                                                                           Ep 100/100 | Reward: 7483.75 | Actor Loss: 9291.1589 | Critic Loss: 1733645.9175██████▎| 99/100 [02:31<00:01,  1.63s/it]
                                                                                                                           Trial 20 complete: 7189.21

[I 2025-11-24 11:13:26,412] Trial 20 finished with value: 7189.214366510944 and parameters: {'lr': 0.0003, 'batch_size': 256, 'tau': 0.003, 'noise_std': 0.15, 'noise_decay': 0.99}. Best is trial 6 with value: 8893.9497403632.
Best trial: 6. Best value: 8893.95:  10%|████▌                                         | 5/50 [09:05<1:30:48, 121.08s/it]
Trial 28:
  lr=0.000100, batch_size=64, tau=0.001000, noise_std=0.20, noise_decay=0.999
                                                                                                                           Ep 25/100 | Reward: 8472.62 | Actor Loss: 15333.1267 | Critic Loss: 10053522.2281      | 24/100 [00:32<01:38,  1.30s/it]
                                                                                                                           Ep 50/100 | Reward: 7746.10 | Actor Loss: 13239.2920 | Critic Loss: 5470881.7737       | 49/100 [01:07<01:18,  1.54s/it]
                                                                                                                           Ep 75/100 | Reward: 7298.63 | Actor Loss: 13494.8060 | Critic Loss: 1412037.1748       | 74/100 [01:44<00:38,  1.46s/it]
                                                                                                                           Ep 100/100 | Reward: 7052.56 | Actor Loss: 12990.5141 | Critic Loss: 2605070.8641█████▎| 99/100 [02:19<00:01,  1.48s/it]
                                                                                                                           Trial 28 complete: 6964.13

[I 2025-11-24 11:15:58,450] Trial 28 finished with value: 6964.134219705619 and parameters: {'lr': 0.0001, 'batch_size': 64, 'tau': 0.001, 'noise_std': 0.2, 'noise_decay': 0.999}. Best is trial 24 with value: 9236.26405548471.
Best trial: 24. Best value: 9236.26:  12%|█████▍                                       | 6/50 [11:39<1:37:00, 132.28s/it]
Trial 36:
  lr=0.001000, batch_size=128, tau=0.005000, noise_std=0.05, noise_decay=0.999
                                                                                                                           Ep 25/100 | Reward: 7404.19 | Actor Loss: 10680.5834 | Critic Loss: 2375881.9159       | 24/100 [00:32<01:45,  1.39s/it]
                                                                                                                           Ep 50/100 | Reward: 7264.10 | Actor Loss: 10622.4862 | Critic Loss: 1614361.2605       | 49/100 [01:08<01:06,  1.30s/it]
                                                                                                                           Ep 75/100 | Reward: 7176.20 | Actor Loss: 10552.3668 | Critic Loss: 570276.8776        | 74/100 [01:42<00:36,  1.42s/it]
                                                                                                                           Ep 100/100 | Reward: 6839.00 | Actor Loss: 10118.7229 | Critic Loss: 1316788.8151█████▎| 99/100 [02:17<00:01,  1.43s/it]
                                                                                                                           Trial 36 complete: 7004.94

[I 2025-11-24 11:18:28,094] Trial 36 finished with value: 7004.939690517078 and parameters: {'lr': 0.001, 'batch_size': 128, 'tau': 0.005, 'noise_std': 0.05, 'noise_decay': 0.999}. Best is trial 24 with value: 9236.26405548471.
Best trial: 24. Best value: 9236.26:  14%|██████▎                                      | 7/50 [14:07<1:38:21, 137.24s/it]
Trial 44:
  lr=0.001000, batch_size=256, tau=0.005000, noise_std=0.10, noise_decay=0.998
                                                                                                                           Ep 25/100 | Reward: 8340.97 | Actor Loss: 5723.8713 | Critic Loss: 889757.7103         | 24/100 [00:31<01:13,  1.03it/s]
                                                                                                                           Ep 50/100 | Reward: 8166.32 | Actor Loss: 5520.3288 | Critic Loss: 702235.5291         | 49/100 [01:07<01:14,  1.46s/it]
                                                                                                                           Ep 75/100 | Reward: 8293.77 | Actor Loss: 5297.2482 | Critic Loss: 669431.5297         | 74/100 [01:44<00:40,  1.56s/it]
                                                                                                                           Ep 100/100 | Reward: 8055.77 | Actor Loss: 5220.2967 | Critic Loss: 478474.6228███████▎| 99/100 [02:22<00:01,  1.55s/it]
                                                                                                                           Trial 44 complete: 7856.48

[I 2025-11-24 11:20:56,551] Trial 44 finished with value: 7856.477337879497 and parameters: {'lr': 0.001, 'batch_size': 256, 'tau': 0.005, 'noise_std': 0.1, 'noise_decay': 0.998}. Best is trial 24 with value: 9236.26405548471.
Best trial: 24. Best value: 9236.26:  16%|███████▏                                     | 8/50 [16:35<1:38:31, 140.75s/it]
Trial 52:
  lr=0.000100, batch_size=64, tau=0.010000, noise_std=0.10, noise_decay=0.995
                                                                                                                           Ep 25/100 | Reward: 8489.09 | Actor Loss: -8676.1388 | Critic Loss: 1463030.5609       | 24/100 [00:30<01:24,  1.11s/it]
                                                                                                                           Ep 50/100 | Reward: 8345.50 | Actor Loss: -8052.0639 | Critic Loss: 1278170.5319       | 49/100 [01:06<01:15,  1.48s/it]
                                                                                                                           Ep 75/100 | Reward: 8381.01 | Actor Loss: -7855.9401 | Critic Loss: 724419.8597        | 74/100 [01:41<00:33,  1.29s/it]
                                                                                                                           Ep 100/100 | Reward: 8103.33 | Actor Loss: -7308.0518 | Critic Loss: 1187891.7625█████▎| 99/100 [02:35<00:04,  4.09s/it]
                                                                                                                           Trial 52 complete: 7970.01

[I 2025-11-24 11:23:47,455] Trial 52 finished with value: 7970.0107358067835 and parameters: {'lr': 0.0001, 'batch_size': 64, 'tau': 0.01, 'noise_std': 0.1, 'noise_decay': 0.995}. Best is trial 24 with value: 9236.26405548471.

============================================================
Starting Optuna optimization for DQN
Trials: 50 | Episodes per trial: 100
============================================================

  0%|                                                                                             | 0/50 [00:00<?, ?it/s]
Trial 1:
  lr=0.001000, batch_size=128, tau=0.003000, noise_std=0.05, noise_decay=0.995
                                                                                                                           Ep 25/100 | Reward: 7812.71 | Actor Loss: 9100.6873 | Critic Loss: 3339695.8950        | 24/100 [00:15<00:51,  1.47it/s]
                                                                                                                           Ep 50/100 | Reward: 7680.16 | Actor Loss: 9807.3190 | Critic Loss: 2605911.8269        | 49/100 [00:33<00:36,  1.40it/s]
                                                                                                                           Ep 75/100 | Reward: 7759.40 | Actor Loss: 9884.1139 | Critic Loss: 2353057.2662        | 74/100 [00:51<00:19,  1.35it/s]
                                                                                                                           Ep 100/100 | Reward: 7578.27 | Actor Loss: 9741.8757 | Critic Loss: 1109862.6631██████▎| 99/100 [01:09<00:00,  1.52it/s]
                                                                                                                           Trial 1 complete: 7295.06

[I 2025-11-24 11:05:02,664] Trial 1 finished with value: 7295.056145824125 and parameters: {'lr': 0.001, 'batch_size': 128, 'tau': 0.003, 'noise_std': 0.05, 'noise_decay': 0.995}. Best is trial 1 with value: 7295.05614582413.
Best trial: 2. Best value: 7724.18:   2%|▉                                              | 1/50 [01:18<1:04:22, 78.82s/it]
Trial 5:
  lr=0.003000, batch_size=256, tau=0.005000, noise_std=0.05, noise_decay=0.995
                                                                                                                           Ep 25/100 | Reward: 7633.11 | Actor Loss: -14895.8978 | Critic Loss: 4516226.3475      | 24/100 [00:18<00:56,  1.35it/s]
                                                                                                                           Ep 50/100 | Reward: 7255.71 | Actor Loss: -15921.8835 | Critic Loss: 4411890.5300      | 49/100 [00:38<00:37,  1.37it/s]
                                                                                                                           Ep 75/100 | Reward: 7475.16 | Actor Loss: -15980.8065 | Critic Loss: 4208376.3375      | 74/100 [00:56<00:20,  1.26it/s]
                                                                                                                           Ep 100/100 | Reward: 7201.89 | Actor Loss: -16001.7955 | Critic Loss: 4902595.6550████▎| 99/100 [01:15<00:00,  1.36it/s]
                                                                                                                           Trial 5 complete: 6937.56

[I 2025-11-24 11:06:23,928] Trial 5 finished with value: 6937.555791486132 and parameters: {'lr': 0.003, 'batch_size': 256, 'tau': 0.005, 'noise_std': 0.05, 'noise_decay': 0.995}. Best is trial 2 with value: 7724.17701347174.
Best trial: 2. Best value: 8893.95:   4%|█▉                                             | 2/50 [02:39<1:03:54, 79.89s/it]
Trial 9:
  lr=0.003000, batch_size=64, tau=0.001000, noise_std=0.10, noise_decay=0.999
                                                                                                                           Ep 25/100 | Reward: 8106.19 | Actor Loss: 10772.3461 | Critic Loss: 3890566.1769       | 24/100 [00:24<01:10,  1.07it/s]
                                                                                                                           Ep 50/100 | Reward: 7952.30 | Actor Loss: 11611.7143 | Critic Loss: 2892458.3706       | 49/100 [00:47<00:49,  1.04it/s]
                                                                                                                           Ep 75/100 | Reward: 8090.24 | Actor Loss: 13717.7262 | Critic Loss: 3136197.5387       | 74/100 [01:11<00:24,  1.06it/s]
                                                                                                                           Ep 100/100 | Reward: 7886.37 | Actor Loss: 15027.7309 | Critic Loss: 2956529.8825█████▎| 99/100 [01:30<00:00,  1.49it/s]
                                                                                                                           Trial 9 complete: 7703.18

[I 2025-11-24 11:08:00,702] Trial 9 finished with value: 7703.1786830237015 and parameters: {'lr': 0.003, 'batch_size': 64, 'tau': 0.001, 'noise_std': 0.1, 'noise_decay': 0.999}. Best is trial 6 with value: 8893.9497403632.
Best trial: 6. Best value: 8893.95:   6%|██▊                                            | 3/50 [04:15<1:08:29, 87.44s/it]
Trial 12:
  lr=0.000100, batch_size=256, tau=0.001000, noise_std=0.20, noise_decay=0.999
                                                                                                                           Ep 25/100 | Reward: 9142.16 | Actor Loss: -21826.8746 | Critic Loss: 11539353.2000     | 24/100 [00:18<01:11,  1.07it/s]
                                                                                                                           Ep 50/100 | Reward: 9019.77 | Actor Loss: -22210.6567 | Critic Loss: 9708872.9900      | 49/100 [00:42<00:48,  1.05it/s]
                                                                                                                           Ep 75/100 | Reward: 9140.80 | Actor Loss: -22378.2687 | Critic Loss: 10064591.4400     | 74/100 [01:07<00:26,  1.02s/it]
                                                                                                                           Ep 100/100 | Reward: 8825.13 | Actor Loss: -18080.9318 | Critic Loss: 7132316.3000████▎| 99/100 [01:33<00:00,  1.01it/s]
                                                                                                                           Trial 12 complete: 8686.11

[I 2025-11-24 11:09:40,306] Trial 12 finished with value: 8686.105502700722 and parameters: {'lr': 0.0001, 'batch_size': 256, 'tau': 0.001, 'noise_std': 0.2, 'noise_decay': 0.999}. Best is trial 6 with value: 8893.9497403632.
Best trial: 6. Best value: 8893.95:   8%|███▊                                           | 4/50 [05:55<1:10:49, 92.38s/it]
Trial 17:
  lr=0.000300, batch_size=256, tau=0.003000, noise_std=0.15, noise_decay=0.990
                                                                                                                           Ep 25/100 | Reward: 7153.69 | Actor Loss: -6663.5536 | Critic Loss: 335724.0711        | 24/100 [00:20<01:07,  1.13it/s]
                                                                                                                           Ep 50/100 | Reward: 6933.26 | Actor Loss: -6444.9113 | Critic Loss: 304647.8414        | 49/100 [00:40<00:45,  1.11it/s]
                                                                                                                           Ep 75/100 | Reward: 6980.93 | Actor Loss: -6554.0886 | Critic Loss: 545901.3664        | 74/100 [01:00<00:19,  1.34it/s]
                                                                                                                           Ep 100/100 | Reward: 6702.11 | Actor Loss: -6763.7646 | Critic Loss: 395727.7745██████▎| 99/100 [01:35<00:01,  1.59s/it]
                                                                                                                           Trial 17 complete: 6503.04

[I 2025-11-24 11:11:24,201] Trial 17 finished with value: 6503.040842390354 and parameters: {'lr': 0.0003, 'batch_size': 256, 'tau': 0.003, 'noise_std': 0.15, 'noise_decay': 0.99}. Best is trial 6 with value: 8893.9497403632.
Best trial: 6. Best value: 8893.95:  10%|████▋                                          | 5/50 [07:39<1:12:19, 96.44s/it]
Trial 25:
  lr=0.000100, batch_size=256, tau=0.001000, noise_std=0.15, noise_decay=0.999
                                                                                                                           Ep 25/100 | Reward: 8331.51 | Actor Loss: 9072.8587 | Critic Loss: 3226741.3200        | 24/100 [00:43<02:00,  1.58s/it]
                                                                                                                           Ep 50/100 | Reward: 8138.75 | Actor Loss: 8829.5194 | Critic Loss: 4402117.0775        | 49/100 [01:20<01:20,  1.58s/it]
                                                                                                                           Ep 75/100 | Reward: 8271.39 | Actor Loss: 8966.8986 | Critic Loss: 3340176.8925        | 74/100 [02:00<00:36,  1.40s/it]
                                                                                                                           Ep 100/100 | Reward: 7526.45 | Actor Loss: 8788.0691 | Critic Loss: 1900918.2063██████▎| 99/100 [02:39<00:01,  1.59s/it]
                                                                                                                           Trial 25 complete: 6839.37

[I 2025-11-24 11:14:17,205] Trial 25 finished with value: 6839.368704017715 and parameters: {'lr': 0.0001, 'batch_size': 256, 'tau': 0.001, 'noise_std': 0.15, 'noise_decay': 0.999}. Best is trial 24 with value: 9236.26405548471.
Best trial: 24. Best value: 9236.26:  12%|█████▍                                       | 6/50 [10:34<1:30:20, 123.19s/it]
Trial 33:
  lr=0.000100, batch_size=256, tau=0.001000, noise_std=0.20, noise_decay=0.999
                                                                                                                           Ep 25/100 | Reward: 8980.88 | Actor Loss: 33840.6080 | Critic Loss: 27081900.4400      | 24/100 [00:42<02:14,  1.77s/it]
                                                                                                                           Ep 50/100 | Reward: 8682.91 | Actor Loss: 35584.0931 | Critic Loss: 29579550.2100      | 49/100 [01:21<01:21,  1.59s/it]
                                                                                                                           Ep 75/100 | Reward: 8804.59 | Actor Loss: 34818.2948 | Critic Loss: 18978994.3700      | 74/100 [02:02<00:38,  1.49s/it]
                                                                                                                           Ep 100/100 | Reward: 8633.05 | Actor Loss: 33776.9940 | Critic Loss: 18263044.5000████▎| 99/100 [02:41<00:01,  1.67s/it]
                                                                                                                           Trial 33 complete: 8558.84

[I 2025-11-24 11:17:08,558] Trial 33 finished with value: 8558.843014682941 and parameters: {'lr': 0.0001, 'batch_size': 256, 'tau': 0.001, 'noise_std': 0.2, 'noise_decay': 0.999}. Best is trial 24 with value: 9236.26405548471.
Best trial: 24. Best value: 9236.26:  14%|██████▎                                      | 7/50 [13:23<1:39:05, 138.26s/it]
Trial 41:
  lr=0.001000, batch_size=128, tau=0.005000, noise_std=0.05, noise_decay=0.999
                                                                                                                           Ep 25/100 | Reward: 7363.04 | Actor Loss: 16949.8023 | Critic Loss: 3391567.7852       | 24/100 [00:33<01:45,  1.39s/it]
                                                                                                                           Ep 50/100 | Reward: 7257.31 | Actor Loss: 16585.7635 | Critic Loss: 3774604.5728       | 49/100 [01:08<01:13,  1.45s/it]
                                                                                                                           Ep 75/100 | Reward: 7369.78 | Actor Loss: 16807.4207 | Critic Loss: 1767239.2162       | 74/100 [01:43<00:32,  1.24s/it]
                                                                                                                           Ep 100/100 | Reward: 7219.57 | Actor Loss: 16395.7549 | Critic Loss: 3626572.0987█████▎| 99/100 [02:13<00:01,  1.39s/it]
                                                                                                                           Trial 41 complete: 7166.62

[I 2025-11-24 11:19:28,769] Trial 41 finished with value: 7166.618894495645 and parameters: {'lr': 0.001, 'batch_size': 128, 'tau': 0.005, 'noise_std': 0.05, 'noise_decay': 0.999}. Best is trial 24 with value: 9236.26405548471.
Best trial: 24. Best value: 9236.26:  16%|███████▏                                     | 8/50 [15:44<1:37:17, 138.99s/it]
Trial 49:
  lr=0.003000, batch_size=64, tau=0.001000, noise_std=0.10, noise_decay=0.998
                                                                                                                           Ep 25/100 | Reward: 8314.89 | Actor Loss: 15152.5958 | Critic Loss: 5847359.5800       | 24/100 [00:31<01:42,  1.35s/it]
                                                                                                                           Ep 50/100 | Reward: 7939.06 | Actor Loss: 5831.3310 | Critic Loss: 1389370.8694        | 49/100 [01:05<01:13,  1.45s/it]
                                                                                                                           Ep 75/100 | Reward: 8049.65 | Actor Loss: 1737.4922 | Critic Loss: 231362.0359         | 74/100 [01:37<00:34,  1.31s/it]
                                                                                                                           Ep 100/100 | Reward: 7825.51 | Actor Loss: 1550.5276 | Critic Loss: 209792.8519███████▎| 99/100 [02:10<00:01,  1.48s/it]
                                                                                                                           Trial 49 complete: 7606.84

[I 2025-11-24 11:21:48,217] Trial 49 finished with value: 7606.84046409907 and parameters: {'lr': 0.003, 'batch_size': 64, 'tau': 0.001, 'noise_std': 0.1, 'noise_decay': 0.998}. Best is trial 24 with value: 9236.26405548471.

============================================================
Starting Optuna optimization for DQN
Trials: 50 | Episodes per trial: 100
============================================================

  0%|                                                                                             | 0/50 [00:00<?, ?it/s]
Trial 2:
  lr=0.000100, batch_size=64, tau=0.001000, noise_std=0.15, noise_decay=0.998
                                                                                                                           Ep 25/100 | Reward: 8313.29 | Actor Loss: -5617.2462 | Critic Loss: 1288193.1441       | 24/100 [00:15<00:52,  1.44it/s]
                                                                                                                           Ep 50/100 | Reward: 7958.12 | Actor Loss: -5386.5774 | Critic Loss: 1209921.2400       | 49/100 [00:33<00:34,  1.47it/s]
                                                                                                                           Ep 75/100 | Reward: 8083.00 | Actor Loss: -5655.3807 | Critic Loss: 1115396.8592       | 74/100 [00:51<00:19,  1.37it/s]
                                                                                                                           Ep 100/100 | Reward: 7877.91 | Actor Loss: -5696.3773 | Critic Loss: 1697650.4968█████▎| 99/100 [01:08<00:00,  1.52it/s]
                                                                                                                           Trial 2 complete: 7724.18

[I 2025-11-24 11:05:03,459] Trial 2 finished with value: 7724.177013471744 and parameters: {'lr': 0.0001, 'batch_size': 64, 'tau': 0.001, 'noise_std': 0.15, 'noise_decay': 0.998}. Best is trial 2 with value: 7724.17701347174.
Best trial: 2. Best value: 7724.18:   2%|▉                                              | 1/50 [01:17<1:03:22, 77.59s/it]
Trial 6:
  lr=0.000100, batch_size=256, tau=0.001000, noise_std=0.15, noise_decay=0.999
                                                                                                                           Ep 25/100 | Reward: 8567.77 | Actor Loss: 8845.7837 | Critic Loss: 7270174.4000        | 24/100 [00:18<00:56,  1.35it/s]
                                                                                                                           Ep 50/100 | Reward: 9022.86 | Actor Loss: 7705.5431 | Critic Loss: 5060394.8000        | 49/100 [00:38<00:36,  1.40it/s]
                                                                                                                           Ep 75/100 | Reward: 9138.49 | Actor Loss: 7782.2866 | Critic Loss: 5091597.9100        | 74/100 [00:56<00:20,  1.26it/s]
                                                                                                                           Ep 100/100 | Reward: 8974.30 | Actor Loss: 7579.8686 | Critic Loss: 4042318.4000██████▎| 99/100 [01:15<00:00,  1.32it/s]
                                                                                                                           Trial 6 complete: 8893.95

[I 2025-11-24 11:06:24,805] Trial 6 finished with value: 8893.949740363198 and parameters: {'lr': 0.0001, 'batch_size': 256, 'tau': 0.001, 'noise_std': 0.15, 'noise_decay': 0.999}. Best is trial 6 with value: 8893.9497403632.
Best trial: 6. Best value: 8893.95:   4%|█▉                                             | 2/50 [02:39<1:03:57, 79.94s/it]
Trial 10:
  lr=0.000100, batch_size=64, tau=0.001000, noise_std=0.20, noise_decay=0.995
                                                                                                                           Ep 25/100 | Reward: 8832.40 | Actor Loss: 10083.1635 | Critic Loss: 2593299.0663       | 24/100 [00:23<01:10,  1.07it/s]
                                                                                                                           Ep 50/100 | Reward: 8708.09 | Actor Loss: 11623.2846 | Critic Loss: 3105442.1888       | 49/100 [00:47<00:49,  1.04it/s]
                                                                                                                           Ep 75/100 | Reward: 8807.75 | Actor Loss: 11853.6737 | Critic Loss: 2576105.8712       | 74/100 [01:11<00:24,  1.06it/s]
                                                                                                                           Ep 100/100 | Reward: 8634.28 | Actor Loss: 12085.5289 | Critic Loss: 3528431.4075█████▎| 99/100 [01:30<00:00,  1.51it/s]
                                                                                                                           Trial 10 complete: 8428.55

[I 2025-11-24 11:08:00,964] Trial 10 finished with value: 8428.548247353196 and parameters: {'lr': 0.0001, 'batch_size': 64, 'tau': 0.001, 'noise_std': 0.2, 'noise_decay': 0.995}. Best is trial 6 with value: 8893.9497403632.
Best trial: 6. Best value: 8893.95:   6%|██▊                                            | 3/50 [04:14<1:08:06, 86.95s/it]
Trial 13:
  lr=0.000100, batch_size=256, tau=0.001000, noise_std=0.20, noise_decay=0.999
                                                                                                                           Ep 25/100 | Reward: 8228.31 | Actor Loss: -11024.9827 | Critic Loss: 2499372.8312      | 24/100 [00:19<01:10,  1.07it/s]
                                                                                                                           Ep 50/100 | Reward: 8536.96 | Actor Loss: -11996.0420 | Critic Loss: 3130097.5312      | 49/100 [00:43<00:48,  1.05it/s]
                                                                                                                           Ep 75/100 | Reward: 8713.04 | Actor Loss: -12869.6432 | Critic Loss: 3522393.0425      | 74/100 [01:08<00:26,  1.02s/it]
                                                                                                                           Ep 100/100 | Reward: 8473.82 | Actor Loss: -13149.1544 | Critic Loss: 2729167.2837████▎| 99/100 [01:33<00:00,  1.02it/s]
                                                                                                                           Trial 13 complete: 8398.34

[I 2025-11-24 11:09:40,306] Trial 13 finished with value: 8398.33748514453 and parameters: {'lr': 0.0001, 'batch_size': 256, 'tau': 0.001, 'noise_std': 0.2, 'noise_decay': 0.999}. Best is trial 6 with value: 8893.9497403632.
Best trial: 6. Best value: 8893.95:   8%|███▊                                           | 4/50 [05:54<1:10:31, 91.98s/it]
Trial 16:
  lr=0.000300, batch_size=256, tau=0.003000, noise_std=0.15, noise_decay=0.990
                                                                                                                           Ep 25/100 | Reward: 8237.44 | Actor Loss: 11725.8691 | Critic Loss: 3769193.2538       | 24/100 [00:20<01:09,  1.10it/s]
                                                                                                                           Ep 50/100 | Reward: 7978.99 | Actor Loss: 11549.8715 | Critic Loss: 2354757.0300       | 49/100 [00:40<00:45,  1.12it/s]
                                                                                                                           Ep 75/100 | Reward: 7965.80 | Actor Loss: 11287.2733 | Critic Loss: 1813279.7675       | 74/100 [01:01<00:19,  1.36it/s]
                                                                                                                           Ep 100/100 | Reward: 7349.01 | Actor Loss: 11011.0429 | Critic Loss: 1844098.9750█████▎| 99/100 [01:35<00:01,  1.62s/it]
                                                                                                                           Trial 16 complete: 7048.31

[I 2025-11-24 11:11:24,142] Trial 16 finished with value: 7048.313578863223 and parameters: {'lr': 0.0003, 'batch_size': 256, 'tau': 0.003, 'noise_std': 0.15, 'noise_decay': 0.99}. Best is trial 6 with value: 8893.9497403632.
Best trial: 6. Best value: 8893.95:  10%|████▋                                          | 5/50 [07:37<1:12:07, 96.16s/it]
Trial 24:
  lr=0.000100, batch_size=256, tau=0.001000, noise_std=0.15, noise_decay=0.999
                                                                                                                           Ep 25/100 | Reward: 8371.69 | Actor Loss: -1779.2684 | Critic Loss: 282674.9831        | 24/100 [00:43<02:00,  1.58s/it]
                                                                                                                           Ep 50/100 | Reward: 9361.54 | Actor Loss: 7770.0550 | Critic Loss: 1603050.8413        | 49/100 [01:19<01:15,  1.49s/it]
                                                                                                                           Ep 75/100 | Reward: 9480.05 | Actor Loss: 8181.3809 | Critic Loss: 1517605.9563        | 74/100 [02:00<00:37,  1.44s/it]
                                                                                                                           Ep 100/100 | Reward: 9316.45 | Actor Loss: 8047.0651 | Critic Loss: 1409036.6712██████▎| 99/100 [02:39<00:01,  1.58s/it]
                                                                                                                           Trial 24 complete: 9236.26

[I 2025-11-24 11:14:16,793] Trial 24 finished with value: 9236.264055484706 and parameters: {'lr': 0.0001, 'batch_size': 256, 'tau': 0.001, 'noise_std': 0.15, 'noise_decay': 0.999}. Best is trial 24 with value: 9236.26405548471.
Best trial: 24. Best value: 9236.26:  12%|█████▍                                       | 6/50 [10:32<1:30:09, 122.95s/it]
Trial 32:
  lr=0.000100, batch_size=256, tau=0.001000, noise_std=0.20, noise_decay=0.999
                                                                                                                           Ep 25/100 | Reward: 8864.19 | Actor Loss: 835.8401 | Critic Loss: 676632.1519          | 24/100 [00:42<02:14,  1.77s/it]
                                                                                                                           Ep 50/100 | Reward: 8693.13 | Actor Loss: 2078.1225 | Critic Loss: 317754.6462         | 49/100 [01:21<01:20,  1.59s/it]
                                                                                                                           Ep 75/100 | Reward: 8499.34 | Actor Loss: -7173.5944 | Critic Loss: 1658692.2269       | 74/100 [02:02<00:41,  1.60s/it]
                                                                                                                           Ep 100/100 | Reward: 8340.68 | Actor Loss: -7762.4115 | Critic Loss: 2077408.3713█████▎| 99/100 [02:41<00:01,  1.68s/it]
                                                                                                                           Trial 32 complete: 8281.14

[I 2025-11-24 11:17:08,483] Trial 32 finished with value: 8281.136901700409 and parameters: {'lr': 0.0001, 'batch_size': 256, 'tau': 0.001, 'noise_std': 0.2, 'noise_decay': 0.999}. Best is trial 24 with value: 9236.26405548471.
Best trial: 24. Best value: 9236.26:  14%|██████▎                                      | 7/50 [13:22<1:39:00, 138.14s/it]
Trial 40:
  lr=0.001000, batch_size=128, tau=0.005000, noise_std=0.05, noise_decay=0.999
                                                                                                                           Ep 25/100 | Reward: 7406.07 | Actor Loss: -7343.1149 | Critic Loss: 554455.0010        | 24/100 [00:32<01:45,  1.39s/it]
                                                                                                                           Ep 50/100 | Reward: 7302.29 | Actor Loss: -7020.3760 | Critic Loss: 753563.5490        | 49/100 [01:07<01:13,  1.44s/it]
                                                                                                                           Ep 75/100 | Reward: 7422.13 | Actor Loss: -6901.0238 | Critic Loss: 1147734.7258       | 74/100 [01:42<00:34,  1.33s/it]
                                                                                                                           Ep 100/100 | Reward: 7265.50 | Actor Loss: -6938.6716 | Critic Loss: 329660.2399██████▎| 99/100 [02:12<00:01,  1.41s/it]
                                                                                                                           Trial 40 complete: 7214.15

[I 2025-11-24 11:19:28,096] Trial 40 finished with value: 7214.147741491225 and parameters: {'lr': 0.001, 'batch_size': 128, 'tau': 0.005, 'noise_std': 0.05, 'noise_decay': 0.999}. Best is trial 24 with value: 9236.26405548471.
Best trial: 24. Best value: 9236.26:  16%|███████▏                                     | 8/50 [15:41<1:37:04, 138.68s/it]
Trial 48:
  lr=0.003000, batch_size=64, tau=0.010000, noise_std=0.10, noise_decay=0.998
                                                                                                                           Ep 25/100 | Reward: 8332.64 | Actor Loss: 25849.3259 | Critic Loss: 30120592.0162      | 24/100 [00:31<01:46,  1.40s/it]
                                                                                                                           Ep 50/100 | Reward: 8234.05 | Actor Loss: 24868.4201 | Critic Loss: 21276065.3738      | 49/100 [01:05<01:11,  1.40s/it]
                                                                                                                           Ep 75/100 | Reward: 8333.76 | Actor Loss: 23912.0651 | Critic Loss: 16370640.6263      | 74/100 [01:38<00:34,  1.34s/it]
                                                                                                                           Ep 100/100 | Reward: 8134.24 | Actor Loss: 21682.3495 | Critic Loss: 16436805.1363████▎| 99/100 [02:11<00:01,  1.48s/it]
                                                                                                                           Trial 48 complete: 8067.86

[I 2025-11-24 11:21:48,269] Trial 48 finished with value: 8067.855779812433 and parameters: {'lr': 0.003, 'batch_size': 64, 'tau': 0.01, 'noise_std': 0.1, 'noise_decay': 0.998}. Best is trial 24 with value: 9236.26405548471.

============================================================
Starting Optuna optimization for DQN
Trials: 50 | Episodes per trial: 100
============================================================

  0%|                                                                                             | 0/50 [00:00<?, ?it/s]
Trial 19:
  lr=0.000300, batch_size=256, tau=0.003000, noise_std=0.15, noise_decay=0.990
                                                                                                                           Ep 25/100 | Reward: 7430.42 | Actor Loss: -899.7072 | Critic Loss: 24287.7282          | 24/100 [00:20<00:57,  1.32it/s]
                                                                                                                           Ep 50/100 | Reward: 7309.59 | Actor Loss: -827.4347 | Critic Loss: 16634.4103          | 49/100 [00:48<01:07,  1.32s/it]
                                                                                                                           Ep 75/100 | Reward: 7435.49 | Actor Loss: -723.2305 | Critic Loss: 13596.0335          | 74/100 [01:25<00:45,  1.77s/it]
                                                                                                                           Ep 100/100 | Reward: 7264.19 | Actor Loss: -727.7248 | Critic Loss: 7162.3225█████████▎| 99/100 [02:09<00:01,  1.56s/it]
                                                                                                                           Trial 19 complete: 7209.31

[I 2025-11-24 11:12:42,583] Trial 19 finished with value: 7209.306747540902 and parameters: {'lr': 0.0003, 'batch_size': 256, 'tau': 0.003, 'noise_std': 0.15, 'noise_decay': 0.99}. Best is trial 6 with value: 8893.9497403632.
Best trial: 6. Best value: 8893.95:   2%|▉                                             | 1/50 [02:33<2:05:06, 153.19s/it]
Trial 27:
  lr=0.000100, batch_size=256, tau=0.001000, noise_std=0.20, noise_decay=0.999
                                                                                                                           Ep 25/100 | Reward: 8393.86 | Actor Loss: 10848.0719 | Critic Loss: 3969959.0106       | 24/100 [00:38<01:56,  1.54s/it]
                                                                                                                           Ep 50/100 | Reward: 8258.31 | Actor Loss: 12068.6296 | Critic Loss: 6866628.0088       | 49/100 [01:15<01:12,  1.43s/it]
                                                                                                                           Ep 75/100 | Reward: 8384.66 | Actor Loss: 12519.8387 | Critic Loss: 3973613.6850       | 74/100 [01:55<00:46,  1.78s/it]
                                                                                                                           Ep 100/100 | Reward: 8308.02 | Actor Loss: 12239.9884 | Critic Loss: 3404103.1419█████▎| 99/100 [02:37<00:01,  1.63s/it]
                                                                                                                           Trial 27 complete: 8246.49

[I 2025-11-24 11:15:31,138] Trial 27 finished with value: 8246.493550390258 and parameters: {'lr': 0.0001, 'batch_size': 256, 'tau': 0.001, 'noise_std': 0.2, 'noise_decay': 0.999}. Best is trial 24 with value: 9236.26405548471.
Best trial: 24. Best value: 9236.26:   4%|█▊                                           | 2/50 [05:23<2:10:50, 163.55s/it]
Trial 35:
  lr=0.000100, batch_size=128, tau=0.001000, noise_std=0.20, noise_decay=0.999
                                                                                                                           Ep 25/100 | Reward: 7477.66 | Actor Loss: 1850.9212 | Critic Loss: 36141.1996          | 24/100 [00:35<01:56,  1.53s/it]
                                                                                                                           Ep 50/100 | Reward: 7377.72 | Actor Loss: 1817.7598 | Critic Loss: 40481.2403          | 49/100 [01:09<01:21,  1.59s/it]
                                                                                                                           Ep 75/100 | Reward: 7497.46 | Actor Loss: 1864.3432 | Critic Loss: 32188.1455          | 74/100 [01:43<00:33,  1.28s/it]
                                                                                                                           Ep 100/100 | Reward: 7329.31 | Actor Loss: 2004.2877 | Critic Loss: 40002.8767████████▎| 99/100 [02:19<00:01,  1.44s/it]
                                                                                                                           Trial 35 complete: 7272.55

[I 2025-11-24 11:18:01,872] Trial 35 finished with value: 7272.5485778884085 and parameters: {'lr': 0.0001, 'batch_size': 128, 'tau': 0.001, 'noise_std': 0.2, 'noise_decay': 0.999}. Best is trial 24 with value: 9236.26405548471.
Best trial: 24. Best value: 9236.26:   6%|██▋                                          | 3/50 [07:52<2:02:39, 156.58s/it]
Trial 43:
  lr=0.003000, batch_size=128, tau=0.005000, noise_std=0.05, noise_decay=0.998
                                                                                                                           Ep 25/100 | Reward: 6857.35 | Actor Loss: -6955.9752 | Critic Loss: 758266.0021        | 24/100 [00:33<01:50,  1.45s/it]
                                                                                                                           Ep 50/100 | Reward: 6625.89 | Actor Loss: -7153.8577 | Critic Loss: 289445.0384        | 49/100 [01:03<01:10,  1.38s/it]
                                                                                                                           Ep 75/100 | Reward: 6777.26 | Actor Loss: -7067.1338 | Critic Loss: 772814.8579        | 74/100 [01:35<00:33,  1.27s/it]
                                                                                                                           Ep 100/100 | Reward: 6611.34 | Actor Loss: -7155.5843 | Critic Loss: 614448.8542██████▎| 99/100 [02:08<00:01,  1.42s/it]
                                                                                                                           Trial 43 complete: 6451.47

[I 2025-11-24 11:20:24,829] Trial 43 finished with value: 6451.470706294283 and parameters: {'lr': 0.003, 'batch_size': 128, 'tau': 0.005, 'noise_std': 0.05, 'noise_decay': 0.998}. Best is trial 24 with value: 9236.26405548471.
Best trial: 24. Best value: 9236.26:   8%|███▌                                         | 4/50 [10:15<1:55:58, 151.28s/it]
Trial 51:
  lr=0.000100, batch_size=64, tau=0.010000, noise_std=0.10, noise_decay=0.998
                                                                                                                           Ep 25/100 | Reward: 7270.67 | Actor Loss: 5258.6380 | Critic Loss: 123460.8711         | 24/100 [00:31<01:32,  1.21s/it]
                                                                                                                           Ep 50/100 | Reward: 7218.02 | Actor Loss: 4753.2419 | Critic Loss: 347234.1850         | 49/100 [01:04<00:53,  1.04s/it]
                                                                                                                           Ep 75/100 | Reward: 7367.96 | Actor Loss: 4363.3299 | Critic Loss: 321583.9679         | 74/100 [01:39<00:39,  1.54s/it]
                                                                                                                           Ep 100/100 | Reward: 7196.67 | Actor Loss: 4176.2457 | Critic Loss: 159593.8259███████▎| 99/100 [02:14<00:01,  1.39s/it]
                                                                                                                           Trial 51 complete: 7117.06

[I 2025-11-24 11:22:49,171] Trial 51 finished with value: 7117.061570992431 and parameters: {'lr': 0.0001, 'batch_size': 64, 'tau': 0.01, 'noise_std': 0.1, 'noise_decay': 0.998}. Best is trial 24 with value: 9236.26405548471.

============================================================
Starting Optuna optimization for DQN
Trials: 50 | Episodes per trial: 100
============================================================

  0%|                                                                                             | 0/50 [00:00<?, ?it/s]
Trial 23:
  lr=0.000300, batch_size=256, tau=0.003000, noise_std=0.15, noise_decay=0.990
                                                                                                                           Ep 25/100 | Reward: 7506.62 | Actor Loss: -3851.6085 | Critic Loss: 520304.4084        | 24/100 [00:39<02:29,  1.97s/it]
                                                                                                                           Ep 50/100 | Reward: 7329.21 | Actor Loss: -3002.7713 | Critic Loss: 144194.0056        | 49/100 [01:18<01:10,  1.39s/it]
                                                                                                                           Ep 75/100 | Reward: 7427.28 | Actor Loss: -3058.6604 | Critic Loss: 107624.0548        | 74/100 [01:58<00:43,  1.67s/it]
                                                                                                                           Ep 100/100 | Reward: 7260.43 | Actor Loss: -3018.4355 | Critic Loss: 141505.1171██████▎| 99/100 [02:37<00:01,  1.69s/it]
                                                                                                                           Trial 23 complete: 7205.46

[I 2025-11-24 11:13:58,528] Trial 23 finished with value: 7205.4641441485965 and parameters: {'lr': 0.0003, 'batch_size': 256, 'tau': 0.003, 'noise_std': 0.15, 'noise_decay': 0.99}. Best is trial 6 with value: 8893.9497403632.
Best trial: 6. Best value: 8893.95:   2%|▉                                             | 1/50 [02:46<2:16:09, 166.72s/it]
Trial 31:
  lr=0.000100, batch_size=64, tau=0.001000, noise_std=0.20, noise_decay=0.999
                                                                                                                           Ep 25/100 | Reward: 8809.34 | Actor Loss: -6345.1562 | Critic Loss: 1829622.4062       | 24/100 [00:33<01:53,  1.50s/it]
                                                                                                                           Ep 50/100 | Reward: 8387.23 | Actor Loss: -3848.0326 | Critic Loss: 53166.7866         | 49/100 [01:11<01:13,  1.43s/it]
                                                                                                                           Ep 75/100 | Reward: 8511.63 | Actor Loss: -3665.9104 | Critic Loss: 305173.3093        | 74/100 [01:45<00:37,  1.45s/it]
                                                                                                                           Ep 100/100 | Reward: 8334.93 | Actor Loss: -3475.9856 | Critic Loss: 314066.7302██████▎| 99/100 [02:22<00:01,  1.51s/it]
                                                                                                                           Trial 31 complete: 8266.25

[I 2025-11-24 11:16:28,766] Trial 31 finished with value: 8266.24756031722 and parameters: {'lr': 0.0001, 'batch_size': 64, 'tau': 0.001, 'noise_std': 0.2, 'noise_decay': 0.999}. Best is trial 24 with value: 9236.26405548471.
Best trial: 24. Best value: 9236.26:   4%|█▊                                           | 2/50 [05:18<2:06:21, 157.96s/it]
Trial 39:
  lr=0.001000, batch_size=128, tau=0.001000, noise_std=0.05, noise_decay=0.995
                                                                                                                           Ep 25/100 | Reward: 8370.28 | Actor Loss: 15401.9120 | Critic Loss: 4806774.9600       | 24/100 [00:34<01:37,  1.28s/it]
                                                                                                                           Ep 50/100 | Reward: 8305.42 | Actor Loss: 15752.8552 | Critic Loss: 4318476.8925       | 49/100 [01:08<01:12,  1.42s/it]
                                                                                                                           Ep 75/100 | Reward: 8463.93 | Actor Loss: 16422.0854 | Critic Loss: 5204890.2150       | 74/100 [01:43<00:37,  1.44s/it]
                                                                                                                           Ep 100/100 | Reward: 8275.16 | Actor Loss: 16881.9413 | Critic Loss: 3701057.0250█████▎| 99/100 [02:18<00:01,  1.45s/it]
                                                                                                                           Trial 39 complete: 8160.57

[I 2025-11-24 11:18:56,409] Trial 39 finished with value: 8160.56644349074 and parameters: {'lr': 0.001, 'batch_size': 128, 'tau': 0.001, 'noise_std': 0.05, 'noise_decay': 0.995}. Best is trial 24 with value: 9236.26405548471.
Best trial: 24. Best value: 9236.26:   6%|██▋                                          | 3/50 [07:44<1:59:31, 152.59s/it]
Trial 45:
  lr=0.003000, batch_size=256, tau=0.005000, noise_std=0.10, noise_decay=0.998
                                                                                                                           Ep 25/100 | Reward: 8295.10 | Actor Loss: -9094.5643 | Critic Loss: 1188230.5506       | 24/100 [00:34<01:49,  1.44s/it]
                                                                                                                           Ep 50/100 | Reward: 8112.43 | Actor Loss: -8754.3864 | Critic Loss: 1730471.2781       | 49/100 [01:11<01:19,  1.55s/it]
                                                                                                                           Ep 75/100 | Reward: 8229.13 | Actor Loss: -8582.5051 | Critic Loss: 2456094.9375       | 74/100 [01:48<00:39,  1.53s/it]
                                                                                                                           Ep 100/100 | Reward: 7976.57 | Actor Loss: -8543.2427 | Critic Loss: 1662688.0031█████▎| 99/100 [02:25<00:01,  1.59s/it]
                                                                                                                           Trial 45 complete: 7766.44

[I 2025-11-24 11:21:33,083] Trial 45 finished with value: 7766.441977427652 and parameters: {'lr': 0.003, 'batch_size': 256, 'tau': 0.005, 'noise_std': 0.1, 'noise_decay': 0.998}. Best is trial 24 with value: 9236.26405548471.

============================================================
Starting Optuna optimization for DQN
Trials: 50 | Episodes per trial: 100
============================================================

  0%|                                                                                             | 0/50 [00:00<?, ?it/s]
Trial 22:
  lr=0.000300, batch_size=256, tau=0.003000, noise_std=0.15, noise_decay=0.990
                                                                                                                           Ep 25/100 | Reward: 7485.51 | Actor Loss: -18965.4684 | Critic Loss: 4160035.3755      | 24/100 [00:39<02:27,  1.94s/it]
                                                                                                                           Ep 50/100 | Reward: 7303.31 | Actor Loss: -19200.7509 | Critic Loss: 3150546.8961      | 49/100 [01:18<01:10,  1.39s/it]
                                                                                                                           Ep 75/100 | Reward: 7399.11 | Actor Loss: -19455.3970 | Critic Loss: 5003480.4575      | 74/100 [01:58<00:42,  1.65s/it]
                                                                                                                           Ep 100/100 | Reward: 7226.23 | Actor Loss: -19718.4598 | Critic Loss: 4937909.2325████▎| 99/100 [02:36<00:01,  1.61s/it]
                                                                                                                           Trial 22 complete: 7170.85

[I 2025-11-24 11:13:57,889] Trial 22 finished with value: 7170.848020634648 and parameters: {'lr': 0.0003, 'batch_size': 256, 'tau': 0.003, 'noise_std': 0.15, 'noise_decay': 0.99}. Best is trial 6 with value: 8893.9497403632.
Best trial: 6. Best value: 8893.95:   2%|▉                                             | 1/50 [02:46<2:15:43, 166.19s/it]
Trial 30:
  lr=0.000100, batch_size=64, tau=0.001000, noise_std=0.20, noise_decay=0.999
                                                                                                                           Ep 25/100 | Reward: 7576.41 | Actor Loss: 1414.8008 | Critic Loss: 79079.6517          | 24/100 [00:32<01:48,  1.43s/it]
                                                                                                                           Ep 50/100 | Reward: 7372.68 | Actor Loss: 775.2578 | Critic Loss: 21539.2343           | 49/100 [01:10<01:12,  1.42s/it]
                                                                                                                           Ep 75/100 | Reward: 7314.27 | Actor Loss: 671.7042 | Critic Loss: 21668.5619           | 74/100 [01:45<00:38,  1.49s/it]
                                                                                                                           Ep 100/100 | Reward: 7113.25 | Actor Loss: 611.8013 | Critic Loss: 16017.9325█████████▎| 99/100 [02:22<00:01,  1.51s/it]
                                                                                                                           Trial 30 complete: 7035.73

[I 2025-11-24 11:16:28,623] Trial 30 finished with value: 7035.730500426766 and parameters: {'lr': 0.0001, 'batch_size': 64, 'tau': 0.001, 'noise_std': 0.2, 'noise_decay': 0.999}. Best is trial 24 with value: 9236.26405548471.
Best trial: 24. Best value: 9236.26:   4%|█▊                                           | 2/50 [05:18<2:06:24, 158.02s/it]
Trial 38:
  lr=0.001000, batch_size=128, tau=0.001000, noise_std=0.05, noise_decay=0.995
                                                                                                                           Ep 25/100 | Reward: 8260.49 | Actor Loss: -8743.2112 | Critic Loss: 2574197.1625       | 24/100 [00:35<01:39,  1.31s/it]
                                                                                                                           Ep 50/100 | Reward: 8033.83 | Actor Loss: -7963.1378 | Critic Loss: 3227785.9675       | 49/100 [01:08<01:11,  1.40s/it]
                                                                                                                           Ep 75/100 | Reward: 8222.29 | Actor Loss: -8262.7310 | Critic Loss: 1106928.3594       | 74/100 [01:43<00:36,  1.41s/it]
                                                                                                                           Ep 100/100 | Reward: 8026.88 | Actor Loss: -8077.6045 | Critic Loss: 1741226.0637█████▎| 99/100 [02:18<00:01,  1.45s/it]
                                                                                                                           Trial 38 complete: 7890.18

[I 2025-11-24 11:18:56,359] Trial 38 finished with value: 7890.181201837059 and parameters: {'lr': 0.001, 'batch_size': 128, 'tau': 0.001, 'noise_std': 0.05, 'noise_decay': 0.995}. Best is trial 24 with value: 9236.26405548471.
Best trial: 24. Best value: 9236.26:   6%|██▋                                          | 3/50 [07:44<1:59:35, 152.66s/it]
Trial 46:
  lr=0.003000, batch_size=256, tau=0.005000, noise_std=0.10, noise_decay=0.998
                                                                                                                           Ep 25/100 | Reward: 8304.79 | Actor Loss: 19543.8102 | Critic Loss: 6260601.9100       | 24/100 [00:33<01:50,  1.45s/it]
                                                                                                                           Ep 50/100 | Reward: 8065.57 | Actor Loss: 22150.6509 | Critic Loss: 7940485.6900       | 49/100 [01:10<01:19,  1.56s/it]
                                                                                                                           Ep 75/100 | Reward: 8212.26 | Actor Loss: 23921.0009 | Critic Loss: 13656907.3250      | 74/100 [01:48<00:39,  1.53s/it]
                                                                                                                           Ep 100/100 | Reward: 7968.29 | Actor Loss: 23377.1368 | Critic Loss: 11446328.0000████▎| 99/100 [02:24<00:01,  1.57s/it]
                                                                                                                           Trial 46 complete: 7766.97

[I 2025-11-24 11:21:32,988] Trial 46 finished with value: 7766.973280027967 and parameters: {'lr': 0.003, 'batch_size': 256, 'tau': 0.005, 'noise_std': 0.1, 'noise_decay': 0.998}. Best is trial 24 with value: 9236.26405548471.

============================================================
Starting Optuna optimization for DQN
Trials: 50 | Episodes per trial: 100
============================================================

  0%|                                                                                             | 0/50 [00:00<?, ?it/s]
Trial 21:
  lr=0.000300, batch_size=256, tau=0.003000, noise_std=0.15, noise_decay=0.990
                                                                                                                           Ep 25/100 | Reward: 7233.94 | Actor Loss: -1016.6195 | Critic Loss: 103978.5302        | 24/100 [00:39<02:28,  1.96s/it]
                                                                                                                           Ep 50/100 | Reward: 6933.33 | Actor Loss: -1614.6802 | Critic Loss: 30832.9595         | 49/100 [01:19<01:10,  1.39s/it]
                                                                                                                           Ep 75/100 | Reward: 7018.14 | Actor Loss: -1557.2580 | Critic Loss: 55451.8607         | 74/100 [01:58<00:42,  1.64s/it]
                                                                                                                           Ep 100/100 | Reward: 6775.71 | Actor Loss: -1831.5092 | Critic Loss: 129092.0369██████▎| 99/100 [02:36<00:01,  1.61s/it]
                                                                                                                           Trial 21 complete: 6541.38

[I 2025-11-24 11:13:57,855] Trial 21 finished with value: 6541.38055016555 and parameters: {'lr': 0.0003, 'batch_size': 256, 'tau': 0.003, 'noise_std': 0.15, 'noise_decay': 0.99}. Best is trial 6 with value: 8893.9497403632.
Best trial: 6. Best value: 8893.95:   2%|▉                                             | 1/50 [02:46<2:15:47, 166.27s/it]
Trial 29:
  lr=0.000100, batch_size=64, tau=0.001000, noise_std=0.20, noise_decay=0.999
                                                                                                                           Ep 25/100 | Reward: 7521.39 | Actor Loss: 7448.5487 | Critic Loss: 640045.7556         | 24/100 [00:32<01:53,  1.50s/it]
                                                                                                                           Ep 50/100 | Reward: 7408.68 | Actor Loss: 7568.5386 | Critic Loss: 402122.7725         | 49/100 [01:10<01:12,  1.42s/it]
                                                                                                                           Ep 75/100 | Reward: 7523.70 | Actor Loss: 7487.6317 | Critic Loss: 933306.6041         | 74/100 [01:45<00:37,  1.46s/it]
                                                                                                                           Ep 100/100 | Reward: 7359.13 | Actor Loss: 7691.7862 | Critic Loss: 764985.5035███████▎| 99/100 [02:21<00:01,  1.50s/it]
                                                                                                                           Trial 29 complete: 7304.93

[I 2025-11-24 11:16:28,487] Trial 29 finished with value: 7304.932901463842 and parameters: {'lr': 0.0001, 'batch_size': 64, 'tau': 0.001, 'noise_std': 0.2, 'noise_decay': 0.999}. Best is trial 24 with value: 9236.26405548471.
Best trial: 24. Best value: 9236.26:   4%|█▊                                           | 2/50 [05:18<2:06:13, 157.78s/it]
Trial 37:
  lr=0.001000, batch_size=128, tau=0.001000, noise_std=0.05, noise_decay=0.995
                                                                                                                           Ep 25/100 | Reward: 6830.29 | Actor Loss: 12683.4422 | Critic Loss: 2184580.9310       | 24/100 [00:35<01:38,  1.30s/it]
                                                                                                                           Ep 50/100 | Reward: 6596.10 | Actor Loss: 12383.0902 | Critic Loss: 1705118.1429       | 49/100 [01:09<01:12,  1.42s/it]
                                                                                                                           Ep 75/100 | Reward: 6795.44 | Actor Loss: 12675.7281 | Critic Loss: 2808622.3137       | 74/100 [01:43<00:36,  1.42s/it]
                                                                                                                           Ep 100/100 | Reward: 6593.98 | Actor Loss: 12323.8400 | Critic Loss: 2039007.8080█████▎| 99/100 [02:18<00:01,  1.44s/it]
                                                                                                                           Trial 37 complete: 6409.79

[I 2025-11-24 11:18:56,359] Trial 37 finished with value: 6409.789834693338 and parameters: {'lr': 0.001, 'batch_size': 128, 'tau': 0.001, 'noise_std': 0.05, 'noise_decay': 0.995}. Best is trial 24 with value: 9236.26405548471.
Best trial: 24. Best value: 9236.26:   6%|██▋                                          | 3/50 [07:44<1:59:39, 152.76s/it]
Trial 47:
  lr=0.003000, batch_size=256, tau=0.005000, noise_std=0.10, noise_decay=0.999
                                                                                                                           Ep 25/100 | Reward: 8327.42 | Actor Loss: -6093.3637 | Critic Loss: 926992.4823        | 24/100 [00:33<01:49,  1.44s/it]
                                                                                                                           Ep 50/100 | Reward: 8192.45 | Actor Loss: -6070.0452 | Critic Loss: 846858.8245        | 49/100 [01:10<01:18,  1.55s/it]
                                                                                                                           Ep 75/100 | Reward: 8307.86 | Actor Loss: -5845.9920 | Critic Loss: 811247.5328        | 74/100 [01:48<00:41,  1.58s/it]
                                                                                                                           Ep 100/100 | Reward: 8145.92 | Actor Loss: -5558.5416 | Critic Loss: 717421.4346██████▎| 99/100 [02:25<00:01,  1.57s/it]
                                                                                                                           Trial 47 complete: 8086.05

[I 2025-11-24 11:21:33,222] Trial 47 finished with value: 8086.050639500408 and parameters: {'lr': 0.003, 'batch_size': 256, 'tau': 0.005, 'noise_std': 0.1, 'noise_decay': 0.999}. Best is trial 24 with value: 9236.26405548471.