============================================================
OPTIMIZATION COMPLETE
============================================================
Best trial: 65
Best value: 8325.43

Best hyperparameters:
  lr: 0.0003
  gamma: 0.995
  eps_clip: 0.2
  update_freq: 20



============================================================
Starting Optuna optimization for PPO
Trials: 10 | Episodes per trial: 100
============================================================

  0%|                              | 0/10 [00:00<?, ?it/s]
Trial 6:
  lr=0.000100, gamma=0.980, eps_clip=0.20, update_freq=60
                                                            Ep 25/100 | Reward: 8012.09 | Policy Loss: -0.0029 | Value Loss: 105906.9942
                                                            Ep 50/100 | Reward: 7927.09 | Policy Loss: 0.0049 | Value Loss: 256201.7897
                                                            Ep 75/100 | Reward: 8062.30 | Policy Loss: -0.0024 | Value Loss: 247373.4524
                                                            Ep 100/100 | Reward: 7873.59 | Policy Loss: -0.0040 | Value Loss: 98412.2766
                                                            Trial 6 complete: 7796.06

[I 2025-11-24 11:27:27,543] Trial 6 finished with value: 7796.060475902777 and parameters: {'lr': 0.0001, 'gamma': 0.98, 'eps_clip': 0.2, 'update_freq': 60}. Best is trial 6 with value: 7796.06047590278.
Best trial: 6. Best value: 7796.06:  10%| | 1/10 [03:48<34
Trial 8:
  lr=0.001000, gamma=0.980, eps_clip=0.30, update_freq=60
                                                            Ep 25/100 | Reward: 4295.05 | Policy Loss: 0.0198 | Value Loss: 19919987.1163
                                                            Ep 50/100 | Reward: 4996.58 | Policy Loss: 0.0080 | Value Loss: 143354.7794
                                                            Ep 75/100 | Reward: 5155.85 | Policy Loss: 0.0073 | Value Loss: 301597.8971
                                                            Ep 100/100 | Reward: 6120.92 | Policy Loss: -0.0041 | Value Loss: 262520.3291
                                                            Trial 8 complete: 7073.65

[I 2025-11-24 11:30:39,036] Trial 8 finished with value: 7073.652182014385 and parameters: {'lr': 0.001, 'gamma': 0.98, 'eps_clip': 0.3, 'update_freq': 60}. Best is trial 4 with value: 7989.06785436328.
Best trial: 4. Best value: 7989.07:  20%|▏| 2/10 [07:01<27
Trial 14:
  lr=0.000100, gamma=0.950, eps_clip=0.15, update_freq=30
                                                            Ep 25/100 | Reward: 7083.17 | Policy Loss: 0.0621 | Value Loss: 240936.8724
                                                            Ep 50/100 | Reward: 8275.76 | Policy Loss: -0.0042 | Value Loss: 35569.6479
                                                            Ep 75/100 | Reward: 8409.95 | Policy Loss: 0.0029 | Value Loss: 38538.1941
                                                            Ep 100/100 | Reward: 8245.37 | Policy Loss: 0.0160 | Value Loss: 138892.0794
                                                            Trial 14 complete: 8175.00

[I 2025-11-24 11:35:17,980] Trial 14 finished with value: 8175.002496743655 and parameters: {'lr': 0.0001, 'gamma': 0.95, 'eps_clip': 0.15, 'update_freq': 30}. Best is trial 14 with value: 8175.00249674365.
Best trial: 14. Best value: 8175:  30%|▎| 3/10 [11:52<28:4
Trial 24:
  lr=0.000300, gamma=0.995, eps_clip=0.15, update_freq=30
                                                            Ep 25/100 | Reward: 7986.04 | Policy Loss: 0.3154 | Value Loss: 2871889.7938
                                                            Ep 50/100 | Reward: 7151.25 | Policy Loss: 0.0141 | Value Loss: 37566.2492
                                                            Ep 75/100 | Reward: 7623.15 | Policy Loss: -0.0070 | Value Loss: 281772.1947
                                                            Ep 100/100 | Reward: 8036.73 | Policy Loss: -0.0055 | Value Loss: 102035.0448
                                                            Trial 24 complete: 7997.48

[I 2025-11-24 11:40:16,735] Trial 24 finished with value: 7997.479515085055 and parameters: {'lr': 0.0003, 'gamma': 0.995, 'eps_clip': 0.15, 'update_freq': 30}. Best is trial 14 with value: 8175.00249674365.
Best trial: 14. Best value: 8175:  40%|▍| 4/10 [16:37<26:0
Trial 32:
  lr=0.000100, gamma=0.950, eps_clip=0.15, update_freq=30
                                                            Ep 25/100 | Reward: 7036.07 | Policy Loss: 0.1912 | Value Loss: 504234.5434

  Trial 32:  36%|██▉     | 36/100 [02:04<05:
  Trial 32:  37%|██▉     | 37/100 [02:08<05:
  Trial 32:  38%|███     | 38/100 [02:14<05:
  Trial 32:  39%|███     | 39/100 [02:18<04:
  Trial 32:  40%|███▏    | 40/100 [02:22<04:
  Trial 32:  41%|███▎    | 41/100 [02:26<04:
  Trial 32:  42%|███▎    | 42/100 [02:35<05:30,  5.6
  Trial 32:  43%|███▍    | 43/100 [02:42<05:42,  6.0
  Trial 32:  44%|███▌    | 44/100 [02:48<05:46,  6.1
  Trial 32:  45%|███▌    | 45/100 [02:55<05:48,  6.3
  Trial 32:  46%|███▋    | 46/100 [03:02<05:52,  6.5
  Trial 32:  47%|███▊    | 47/100 [03:09<05:59,  6.7
  Trial 32:  48%|███▊    | 48/100 [03:16<05:48,  6.7
  Tria  Ep 50/100 | Reward: 6385.61 | Policy Loss: -0.0035 | Value Loss: 348404.7090

  Trial 32:  50%|████    | 50/100 [03:29<05:39,  6.7
  Trial 32:  51%|████    | 51/100 [03:36<05:28,  6.7
  Trial 32:  52%|████▏   | 52/100 [03:42<05:19,  6.6
  Trial 32:  53%|████▏   | 53/100 [03:49<05:13,  6.6
  Trial 32:  54%|████▎   | 54/100 [03:56<05:05,  6.6
  Trial 32:  55%|████▍   | 55/100 [04:02<04:56,  6.5
  Trial 32:  56%|████▍   | 56/100 [04:09<04:51,  6.6
  Trial 32:  57%|████▌   | 57/100 [04:16<04:45,  6.6
  Trial 32:  58%|████▋   | 58/100 [04:22<04:39,  6.66s/it]  Ep 75/100 | Reward: 6812.36 | Policy Loss: 0.0051 | Value Loss: 150452.258834,  5.94s/it]
                                                            Ep 100/100 | Reward: 6659.69 | Policy Loss: 0.0110 | Value Loss: 560035.74015,  5.37s/it]
                                                            Trial 32 complete: 6351.00

[I 2025-11-24 11:48:40,257] Trial 32 finished with value: 6351.001743177348 and parameters: {'lr': 0.0001, 'gamma': 0.95, 'eps_clip': 0.15, 'update_freq': 30}. Best is trial 28 with value: 8190.09070554792.
Best trial: 28. Best value: 8190.09:  50%|▌| 5/10 [25:01<2
Trial 40:
  lr=0.000300, gamma=0.990, eps_clip=0.30, update_freq=20
                                                                                            Ep 25/100 | Reward: 8292.26 | Policy Loss: -0.0031 | Value Loss: 54633.020624,  7.43s/it]
                                                                                            Ep 50/100 | Reward: 8165.99 | Policy Loss: -0.0038 | Value Loss: 47309.344627,  7.59s/it]
                                                                                            Ep 75/100 | Reward: 8312.31 | Policy Loss: -0.0096 | Value Loss: 59883.569125,  7.89s/it]
                                                                                            Ep 100/100 | Reward: 8139.44 | Policy Loss: -0.0109 | Value Loss: 35175.45829,  9.61s/it]
                                                                                            Trial 40 complete: 8082.26

[I 2025-11-24 12:01:54,019] Trial 40 finished with value: 8082.259793667649 and parameters: {'lr': 0.0003, 'gamma': 0.99, 'eps_clip': 0.3, 'update_freq': 20}. Best is trial 28 with value: 8190.09070554792.
Best trial: 28. Best value: 8190.09:  60%|▌| 6/10 [38:14<3
Trial 48:
  lr=0.000300, gamma=0.990, eps_clip=0.30, update_freq=20
                                                                                            Ep 25/100 | Reward: 8298.10 | Policy Loss: -0.0047 | Value Loss: 49807.924908, 11.17s/it]
                                                                                            Ep 50/100 | Reward: 8242.87 | Policy Loss: -0.0023 | Value Loss: 34463.431536, 11.30s/it]
                                                                                            Ep 75/100 | Reward: 8340.93 | Policy Loss: 0.0083 | Value Loss: 91547.1600:56, 11.40s/it]
                                                                                            Ep 100/100 | Reward: 8120.78 | Policy Loss: -0.0000 | Value Loss: 43933.86381, 11.80s/it]
                                                                                            Trial 48 complete: 8016.17

[I 2025-11-24 12:20:15,412] Trial 48 finished with value: 8016.172011173378 and parameters: {'lr': 0.0003, 'gamma': 0.99, 'eps_clip': 0.3, 'update_freq': 20}. Best is trial 28 with value: 8190.09070554792.
Best trial: 28. Best value: 8190.09:  70%|▋| 7/10 [56:35<3
Trial 59:
  lr=0.001000, gamma=0.980, eps_clip=0.25, update_freq=20
                                                                                            Ep 25/100 | Reward: 4335.18 | Policy Loss: 0.0627 | Value Loss: 7192.25035:46, 12.46s/it]
                                                                                            Ep 50/100 | Reward: 4289.17 | Policy Loss: 0.0496 | Value Loss: 10517.5518:00, 10.60s/it]
                                                                                            Ep 75/100 | Reward: 4347.84 | Policy Loss: 0.0898 | Value Loss: 400561.085015,  9.83s/it]
                                                                                            Ep 100/100 | Reward: 5296.42 | Policy Loss: 0.0919 | Value Loss: 7973.9576:09,  9.19s/it]
                                                                                            Trial 59 complete: 4749.43

[I 2025-11-24 12:38:30,315] Trial 59 finished with value: 4749.425280079535 and parameters: {'lr': 0.001, 'gamma': 0.98, 'eps_clip': 0.25, 'update_freq': 20}. Best is trial 63 with value: 8206.93041870482.
Best trial: 63. Best value: 8206.93:  80%|▊| 8/10 [1:14:51
Trial 70:
  lr=0.000300, gamma=0.980, eps_clip=0.20, update_freq=20
                                                                                            Ep 25/100 | Reward: 7562.60 | Policy Loss: -0.0039 | Value Loss: 161772.23202,  9.63s/it]
                                                                                            Ep 50/100 | Reward: 7902.90 | Policy Loss: -0.0009 | Value Loss: 154370.49615,  9.51s/it]
                                                                                            Ep 75/100 | Reward: 8036.03 | Policy Loss: 0.0043 | Value Loss: 275314.085031, 10.43s/it]
                                                                                            Ep 100/100 | Reward: 7829.03 | Policy Loss: 0.0124 | Value Loss: 57786.191309,  9.68s/it]
                                                                                            Trial 70 complete: 7752.88

[I 2025-11-24 12:54:52,327] Trial 70 finished with value: 7752.881714371435 and parameters: {'lr': 0.0003, 'gamma': 0.98, 'eps_clip': 0.2, 'update_freq': 20}. Best is trial 65 with value: 8325.42661741584.
Best trial: 65. Best value: 8325.43:  90%|▉| 9/10 [1:31:13
Trial 78:
  lr=0.000300, gamma=0.950, eps_clip=0.30, update_freq=20
                                                                                            Ep 25/100 | Reward: 5972.47 | Policy Loss: 0.0195 | Value Loss: 113407.458433,  7.55s/it]
                                                                                            Ep 50/100 | Reward: 8266.42 | Policy Loss: -0.0118 | Value Loss: 51645.079424,  4.01s/it]
                                                                                            Ep 75/100 | Reward: 8380.18 | Policy Loss: 0.0162 | Value Loss: 11741.5109:18,  3.03s/it]
                                                                                            Ep 100/100 | Reward: 8157.08 | Policy Loss: 0.0026 | Value Loss: 27252.346002,  2.07s/it]
                                                                                            Trial 78 complete: 8079.61

[I 2025-11-24 13:03:01,516] Trial 78 finished with value: 8079.605359722089 and parameters: {'lr': 0.0003, 'gamma': 0.95, 'eps_clip': 0.3, 'update_freq': 20}. Best is trial 65 with value: 8325.42661741584.
Best trial: 65. Best value: 8325.43: 100%|█| 10/10 [1:39:2

============================================================
Starting Optuna optimization for PPO
Trials: 10 | Episodes per trial: 100
============================================================

  0%|                              | 0/10 [00:00<?, ?it/s]
Trial 5:
  lr=0.001000, gamma=0.990, eps_clip=0.10, update_freq=20
                                                            Ep 25/100 | Reward: 4730.92 | Policy Loss: 0.3141 | Value Loss: 262533.5600
                                                            Ep 50/100 | Reward: 6985.81 | Policy Loss: 0.0709 | Value Loss: 428830.8187
                                                            Ep 75/100 | Reward: 7204.58 | Policy Loss: 0.0194 | Value Loss: 259993.2598
                                                            Ep 100/100 | Reward: 7050.13 | Policy Loss: 583.5799 | Value Loss: 71376.9003
                                                            Trial 5 complete: 6978.89

[I 2025-11-24 11:30:59,319] Trial 5 finished with value: 6978.887802709093 and parameters: {'lr': 0.001, 'gamma': 0.99, 'eps_clip': 0.1, 'update_freq': 20}. Best is trial 4 with value: 7989.06785436328.
Best trial: 4. Best value: 7989.07:  10%| | 1/10 [07:22<1:
Trial 16:
  lr=0.000300, gamma=0.950, eps_clip=0.15, update_freq=60
                                                            Ep 25/100 | Reward: 7899.37 | Policy Loss: 0.2982 | Value Loss: 3733430.3064
                                                            Ep 50/100 | Reward: 7791.66 | Policy Loss: 0.0224 | Value Loss: 500429.7168
                                                            Ep 75/100 | Reward: 7910.24 | Policy Loss: 0.0311 | Value Loss: 76973.5718
                                                            Ep 100/100 | Reward: 7736.87 | Policy Loss: 0.0545 | Value Loss: 31347.8248
                                                            Trial 16 complete: 7660.40

[I 2025-11-24 11:34:07,116] Trial 16 finished with value: 7660.400242464032 and parameters: {'lr': 0.0003, 'gamma': 0.95, 'eps_clip': 0.15, 'update_freq': 60}. Best is trial 4 with value: 7989.06785436328.
Best trial: 4. Best value: 7989.07:  20%|▏| 2/10 [10:28<38
Trial 19:
  lr=0.000300, gamma=0.995, eps_clip=0.10, update_freq=30
                                                            Ep 25/100 | Reward: 7448.05 | Policy Loss: 0.0668 | Value Loss: 36896.8528
                                                            Ep 50/100 | Reward: 7245.64 | Policy Loss: 0.1357 | Value Loss: 40568.9523
                                                            Ep 75/100 | Reward: 7355.48 | Policy Loss: 0.1809 | Value Loss: 91467.3901
                                                            Ep 100/100 | Reward: 7171.48 | Policy Loss: 0.1767 | Value Loss: 169017.6494
                                                            Trial 19 complete: 7096.70

[I 2025-11-24 11:38:47,442] Trial 19 finished with value: 7096.697893714721 and parameters: {'lr': 0.0003, 'gamma': 0.995, 'eps_clip': 0.1, 'update_freq': 30}. Best is trial 14 with value: 8175.00249674365.
Best trial: 14. Best value: 8175:  30%|▎| 3/10 [15:09<33:2
Trial 28:
  lr=0.000100, gamma=0.950, eps_clip=0.25, update_freq=30
                                                            Ep 25/100 | Reward: 8597.64 | Policy Loss: 0.0072 | Value Loss: 25981.8809
                                                            Ep 50/100 | Reward: 8519.81 | Policy Loss: -0.0027 | Value Loss: 36336.8380

  Trial 28:  68%|█████▍  | 68/100 [03:32<02:
  Trial 28:  69%|█████▌  | 69/100 [03:36<02:
  Trial 28:  70%|█████▌  | 70/100 [03:41<02:
  Trial 28:  71%|█████▋  | 71/100 [03:46<02:
  Trial 28:  72%|█████▊  | 72/100 [03:50<02:
  Trial 28:  73%|█████▊  | 73/100 [03:54<02:
  Trial 28:  7  Ep 75/100 | Reward: 8628.09 | Policy Loss: 0.0059 | Value Loss: 40492.9620

  Trial 28:  75%|██████  | 75/100 [04:08<02:27,  5.9
  Trial 28:  76%|██████  | 76/100 [04:15<02:25,  6.0
  Trial 28:  77%|██████▏ | 77/100 [04:22<02:23,  6.2
  Trial 28:  78%|██████▏ | 78/100 [04:28<02:20,  6.3
  Trial 28:  79%|██████▎ | 79/100 [04:36<02:22,  6.7
  Trial 28:  80%|██████▍ | 80/100 [04:42<02:13,  6.6
  Trial 28:  81%|██████▍ | 81/100 [04:49<02:06,  6.6
  Trial 28:  82%|██████▌ | 82/100 [04:56<02:02,  6.7
  Trial 28:  83%|██████▋ | 83/100 [05:03<01:54,  6.7
  Trial 28:  84%|██████▋ | 84/100 [05:09<01:47,  6.7
  Trial 28:  85%|██████▊ | 85/100 [05:16<01:39,  6.6
  Trial 28:  86%|██████▉ | 86/100 [05:22<01:32,  6.6
  Trial 28:  87%|██████▉ | 87/100 [05:29<01:25,  6.5
  Trial 28:  88%|███████ | 88/100 [05:35<01:18,  6.5
  Trial 28:  89%|███████ | 89/100 [05:42<01:12,  6.6
  Trial 28:  90%|███████▏| 90/100 [05:49<01:06,  6.6
  Trial 28:  91%|███████▎| 91/100 [05:55<00:59,  6.62s/it]  Ep 100/100 | Reward: 8389.68 | Policy Loss: -0.0029 | Value Loss: 64016.79456,  6.97s/it]
                                                            Trial 28 complete: 8190.09

[I 2025-11-24 11:45:44,395] Trial 28 finished with value: 8190.09070554792 and parameters: {'lr': 0.0001, 'gamma': 0.95, 'eps_clip': 0.25, 'update_freq': 30}. Best is trial 28 with value: 8190.09070554792.
Best trial: 28. Best value: 8190.09:  40%|▍| 4/10 [22:06<3
Trial 37:
  lr=0.000100, gamma=0.950, eps_clip=0.15, update_freq=20
                                                                                            Ep 25/100 | Reward: 8120.12 | Policy Loss: 0.1432 | Value Loss: 40540.3953:35,  7.57s/it]
                                                                                            Ep 50/100 | Reward: 7945.40 | Policy Loss: 0.0920 | Value Loss: 23335.9225:31,  7.67s/it]
                                                                                            Ep 75/100 | Reward: 8073.23 | Policy Loss: 0.1276 | Value Loss: 55491.8328:15,  7.50s/it]
                                                                                            Ep 100/100 | Reward: 7877.61 | Policy Loss: 0.0842 | Value Loss: 25041.362408,  8.08s/it]
                                                                                            Trial 37 complete: 7794.38

[I 2025-11-24 11:58:39,992] Trial 37 finished with value: 7794.383155938124 and parameters: {'lr': 0.0001, 'gamma': 0.95, 'eps_clip': 0.15, 'update_freq': 20}. Best is trial 28 with value: 8190.09070554792.
Best trial: 28. Best value: 8190.09:  50%|▌| 5/10 [35:01<4
Trial 45:
  lr=0.000100, gamma=0.990, eps_clip=0.30, update_freq=40
                                                                                            Ep 25/100 | Reward: 7198.00 | Policy Loss: -0.0023 | Value Loss: 288966.68179,  4.86s/it]
                                                                                            Ep 50/100 | Reward: 7519.18 | Policy Loss: 0.2405 | Value Loss: 287623.878347,  5.64s/it]
                                                                                            Ep 75/100 | Reward: 8036.37 | Policy Loss: 0.1394 | Value Loss: 254649.348052,  6.63s/it]
                                                                                            Ep 100/100 | Reward: 7801.71 | Policy Loss: 0.1313 | Value Loss: 132302.88276,  6.06s/it]
                                                                                            Trial 45 complete: 7680.97

[I 2025-11-24 12:08:01,112] Trial 45 finished with value: 7680.969839346508 and parameters: {'lr': 0.0001, 'gamma': 0.99, 'eps_clip': 0.3, 'update_freq': 40}. Best is trial 28 with value: 8190.09070554792.
Best trial: 28. Best value: 8190.09:  60%|▌| 6/10 [44:22<3
Trial 53:
  lr=0.001000, gamma=0.990, eps_clip=0.25, update_freq=30
                                                                                            Ep 25/100 | Reward: 7651.49 | Policy Loss: 0.0192 | Value Loss: 48408.2675:33,  8.34s/it]
                                                                                            Ep 50/100 | Reward: 8093.46 | Policy Loss: 0.0692 | Value Loss: 39466.9657:33,  7.71s/it]
                                                                                            Ep 75/100 | Reward: 8155.44 | Policy Loss: 0.1455 | Value Loss: 89313.4253:29,  8.04s/it]
                                                                                            Ep 100/100 | Reward: 7973.27 | Policy Loss: 0.2751 | Value Loss: 49114.832008,  8.54s/it]
                                                                                            Trial 53 complete: 7890.50

[I 2025-11-24 12:21:40,688] Trial 53 finished with value: 7890.503165666794 and parameters: {'lr': 0.001, 'gamma': 0.99, 'eps_clip': 0.25, 'update_freq': 30}. Best is trial 28 with value: 8190.09070554792.
Best trial: 28. Best value: 8190.09:  70%|▋| 7/10 [58:01<3
Trial 63:
  lr=0.000300, gamma=0.980, eps_clip=0.20, update_freq=60
                                                                                            Ep 25/100 | Reward: 7701.65 | Policy Loss: -0.0042 | Value Loss: 146180.91761,  5.68s/it]
                                                                                            Ep 50/100 | Reward: 7362.47 | Policy Loss: 0.0093 | Value Loss: 444652.215237,  5.44s/it]
                                                                                            Ep 75/100 | Reward: 7606.11 | Policy Loss: -0.0001 | Value Loss: 786328.95329,  4.97s/it]
                                                                                            Ep 100/100 | Reward: 7953.03 | Policy Loss: 0.0001 | Value Loss: 220294.45004,  4.95s/it]
                                                                                            Trial 63 complete: 8206.93

[I 2025-11-24 12:30:36,120] Trial 63 finished with value: 8206.930418704816 and parameters: {'lr': 0.0003, 'gamma': 0.98, 'eps_clip': 0.2, 'update_freq': 60}. Best is trial 63 with value: 8206.93041870482.
Best trial: 63. Best value: 8206.93:  80%|▊| 8/10 [1:06:57
Trial 69:
  lr=0.000300, gamma=0.980, eps_clip=0.20, update_freq=20
                                                                                            Ep 25/100 | Reward: 8466.41 | Policy Loss: 0.2109 | Value Loss: 90161.4731:38,  9.98s/it]
                                                                                            Ep 50/100 | Reward: 8509.63 | Policy Loss: 0.2309 | Value Loss: 43089.1836:46,  9.14s/it]
                                                                                            Ep 75/100 | Reward: 8455.21 | Policy Loss: 0.0080 | Value Loss: 74594.2776:04,  9.41s/it]
                                                                                            Ep 100/100 | Reward: 7409.14 | Policy Loss: 0.0135 | Value Loss: 100029.76279,  9.58s/it]
                                                                                            Trial 69 complete: 7330.50

[I 2025-11-24 12:46:44,738] Trial 69 finished with value: 7330.497906158879 and parameters: {'lr': 0.0003, 'gamma': 0.98, 'eps_clip': 0.2, 'update_freq': 20}. Best is trial 65 with value: 8325.42661741584.
Best trial: 65. Best value: 8325.43:  90%|▉| 9/10 [1:23:08
Trial 77:
  lr=0.000300, gamma=0.995, eps_clip=0.20, update_freq=60
                                                                                            Ep 25/100 | Reward: 8226.28 | Policy Loss: -0.0086 | Value Loss: 28571659.6972  4.63s/it]
                                                                                            Ep 50/100 | Reward: 8123.97 | Policy Loss: 0.0078 | Value Loss: 11101594.8479,  4.78s/it]
                                                                                            Ep 75/100 | Reward: 8250.22 | Policy Loss: 0.0039 | Value Loss: 231345.975359,  4.59s/it]
                                                                                            Ep 100/100 | Reward: 8088.97 | Policy Loss: 0.0021 | Value Loss: 238550.46584,  4.42s/it]
                                                                                            Trial 77 complete: 8007.87

[I 2025-11-24 12:54:32,988] Trial 77 finished with value: 8007.868986823359 and parameters: {'lr': 0.0003, 'gamma': 0.995, 'eps_clip': 0.2, 'update_freq': 60}. Best is trial 65 with value: 8325.42661741584.
Best trial: 65. Best value: 8325.43: 100%|█| 10/10 [1:30:5

============================================================
Starting Optuna optimization for PPO
Trials: 10 | Episodes per trial: 100
============================================================

  0%|                              | 0/10 [00:00<?, ?it/s]
Trial 4:
  lr=0.000300, gamma=0.995, eps_clip=0.10, update_freq=30
                                                            Ep 25/100 | Reward: 8229.27 | Policy Loss: 0.0052 | Value Loss: 75544.0216
                                                            Ep 50/100 | Reward: 8157.06 | Policy Loss: 0.0050 | Value Loss: 60874.8334
                                                            Ep 75/100 | Reward: 8281.63 | Policy Loss: 0.0065 | Value Loss: 158729.3882
                                                            Ep 100/100 | Reward: 8083.15 | Policy Loss: 0.2249 | Value Loss: 62179.2114
                                                            Trial 4 complete: 7989.07

[I 2025-11-24 11:29:23,711] Trial 4 finished with value: 7989.067854363277 and parameters: {'lr': 0.0003, 'gamma': 0.995, 'eps_clip': 0.1, 'update_freq': 30}. Best is trial 4 with value: 7989.06785436328.
Best trial: 4. Best value: 7989.07:  10%| | 1/10 [05:47<52
Trial 11:
  lr=0.001000, gamma=0.980, eps_clip=0.20, update_freq=30
                                                            Ep 25/100 | Reward: 4726.64 | Policy Loss: 0.0784 | Value Loss: 42578.9277
                                                            Ep 50/100 | Reward: 6465.03 | Policy Loss: 0.0533 | Value Loss: 44800.8177
                                                            Ep 75/100 | Reward: 7354.66 | Policy Loss: 0.1029 | Value Loss: 32658.8403
                                                            Ep 100/100 | Reward: 7490.75 | Policy Loss: 0.1226 | Value Loss: 74653.1189
                                                            Trial 11 complete: 7878.00

[I 2025-11-24 11:34:07,585] Trial 11 finished with value: 7877.999511373271 and parameters: {'lr': 0.001, 'gamma': 0.98, 'eps_clip': 0.2, 'update_freq': 30}. Best is trial 4 with value: 7989.06785436328.
Best trial: 4. Best value: 7989.07:  20%|▏| 2/10 [10:29<41
Trial 20:
  lr=0.000300, gamma=0.995, eps_clip=0.10, update_freq=30
                                                            Ep 25/100 | Reward: 5822.28 | Policy Loss: 0.0114 | Value Loss: 62576.5836
                                                            Ep 50/100 | Reward: 3908.64 | Policy Loss: 0.0238 | Value Loss: 96886.7466
                                                            Ep 75/100 | Reward: 6536.99 | Policy Loss: -0.0015 | Value Loss: 243934.5717
                                                            Ep 100/100 | Reward: 7192.99 | Policy Loss: 0.0335 | Value Loss: 135147.0281
                                                            Trial 20 complete: 7245.64

[I 2025-11-24 11:38:46,823] Trial 20 finished with value: 7245.638849698413 and parameters: {'lr': 0.0003, 'gamma': 0.995, 'eps_clip': 0.1, 'update_freq': 30}. Best is trial 14 with value: 8175.00249674365.
Best trial: 14. Best value: 8175:  30%|▎| 3/10 [15:08<34:2
Trial 27:
  lr=0.000100, gamma=0.950, eps_clip=0.15, update_freq=30
                                                            Ep 25/100 | Reward: 7306.46 | Policy Loss: -0.0102 | Value Loss: 16468.9077
                                                            Ep 50/100 | Reward: 7130.58 | Policy Loss: -0.0091 | Value Loss: 21903.4017

  Trial 27:  69%|█████▌  | 69/100 [03:34<02:
  Trial 27:  70%|█████▌  | 70/100 [03:38<02:
  Trial 27:  71%|█████▋  | 71/100 [03:43<02:
  Trial 27:  72%|█████▊  | 72/100 [03:48<02:
  Trial 27:  73%|█████▊  | 73/100 [03:52<02:
  Trial 27:  7  Ep 75/100 | Reward: 7236.07 | Policy Loss: -0.0102 | Value Loss: 19459.6406

  Trial 27:  75%|██████  | 75/100 [04:05<02:21,  5.6
  Trial 27:  76%|██████  | 76/100 [04:11<02:23,  5.9
  Trial 27:  77%|██████▏ | 77/100 [04:18<02:20,  6.1
  Trial 27:  78%|██████▏ | 78/100 [04:25<02:19,  6.3
  Trial 27:  79%|██████▎ | 79/100 [04:32<02:19,  6.6
  Trial 27:  80%|██████▍ | 80/100 [04:39<02:14,  6.7
  Trial 27:  81%|██████▍ | 81/100 [04:45<02:06,  6.6
  Trial 27:  82%|██████▌ | 82/100 [04:52<02:00,  6.7
  Trial 27:  83%|██████▋ | 83/100 [04:59<01:54,  6.7
  Trial 27:  84%|██████▋ | 84/100 [05:06<01:47,  6.7
  Trial 27:  85%|██████▊ | 85/100 [05:12<01:40,  6.6
  Trial 27:  86%|██████▉ | 86/100 [05:19<01:33,  6.6
  Trial 27:  87%|██████▉ | 87/100 [05:25<01:25,  6.6
  Trial 27:  88%|███████ | 88/100 [05:32<01:19,  6.6
  Trial 27:  89%|███████ | 89/100 [05:39<01:12,  6.6
  Trial 27:  90%|███████▏| 90/100 [05:45<01:06,  6.6
  Trial 27:  91%|███████▎| 91/100 [05:52<01:00,  6.67s/it]  Ep 100/100 | Reward: 7221.55 | Policy Loss: -0.0009 | Value Loss: 47836.69356,  6.15s/it]
                                                            Trial 27 complete: 6102.95

[I 2025-11-24 11:45:39,358] Trial 27 finished with value: 6102.945938919956 and parameters: {'lr': 0.0001, 'gamma': 0.95, 'eps_clip': 0.15, 'update_freq': 30}. Best is trial 14 with value: 8175.00249674365.
Best trial: 14. Best value: 8175:  40%|▍| 4/10 [22:00<34:0
Trial 35:
  lr=0.000300, gamma=0.990, eps_clip=0.15, update_freq=40
                                                                                            Ep 25/100 | Reward: 7351.09 | Policy Loss: -0.0001 | Value Loss: 72564.341918,  4.19s/it]
                                                                                            Ep 50/100 | Reward: 7259.34 | Policy Loss: -0.0003 | Value Loss: 131487.32156,  3.86s/it]
                                                                                            Ep 75/100 | Reward: 7376.21 | Policy Loss: 0.0678 | Value Loss: 93723.2654:46,  4.11s/it]
                                                                                            Ep 100/100 | Reward: 7223.22 | Policy Loss: 0.0019 | Value Loss: 568379.43084,  4.58s/it]
                                                                                            Trial 35 complete: 7165.91

[I 2025-11-24 11:52:52,521] Trial 35 finished with value: 7165.905909567684 and parameters: {'lr': 0.0003, 'gamma': 0.99, 'eps_clip': 0.15, 'update_freq': 40}. Best is trial 28 with value: 8190.09070554792.
Best trial: 28. Best value: 8190.09:  50%|▌| 5/10 [29:17<3
Trial 43:
  lr=0.000100, gamma=0.990, eps_clip=0.30, update_freq=20
                                                                                            Ep 25/100 | Reward: 7333.50 | Policy Loss: -0.0057 | Value Loss: 34831.913825,  7.44s/it]
                                                                                            Ep 50/100 | Reward: 7241.59 | Policy Loss: -0.0062 | Value Loss: 67112.960237,  7.79s/it]
                                                                                            Ep 75/100 | Reward: 7350.09 | Policy Loss: -0.0051 | Value Loss: 15672.601609,  9.60s/it]
                                                                                            Ep 100/100 | Reward: 7196.42 | Policy Loss: -0.0103 | Value Loss: 20782.65000, 10.50s/it]
                                                                                            Trial 43 complete: 7140.64

[I 2025-11-24 12:07:44,725] Trial 43 finished with value: 7140.642170898289 and parameters: {'lr': 0.0001, 'gamma': 0.99, 'eps_clip': 0.3, 'update_freq': 20}. Best is trial 28 with value: 8190.09070554792.
Best trial: 28. Best value: 8190.09:  60%|▌| 6/10 [44:06<3
Trial 51:
  lr=0.000300, gamma=0.990, eps_clip=0.30, update_freq=40
                                                                                            Ep 25/100 | Reward: 5419.79 | Policy Loss: -0.0083 | Value Loss: 96801.435821,  6.60s/it]
                                                                                            Ep 50/100 | Reward: 5091.34 | Policy Loss: -0.0042 | Value Loss: 99697.948617,  6.23s/it]
                                                                                            Ep 75/100 | Reward: 5186.69 | Policy Loss: 0.0013 | Value Loss: 114778.046748,  6.47s/it]
                                                                                            Ep 100/100 | Reward: 5053.27 | Policy Loss: 0.1680 | Value Loss: 111978.15036,  6.69s/it]
                                                                                            Trial 51 complete: 4515.60

[I 2025-11-24 12:18:33,651] Trial 51 finished with value: 4515.596920465433 and parameters: {'lr': 0.0003, 'gamma': 0.99, 'eps_clip': 0.3, 'update_freq': 40}. Best is trial 28 with value: 8190.09070554792.
Best trial: 28. Best value: 8190.09:  70%|▋| 7/10 [54:54<2
Trial 58:
  lr=0.001000, gamma=0.990, eps_clip=0.25, update_freq=60
                                                                                            Ep 25/100 | Reward: 7391.30 | Policy Loss: 0.0142 | Value Loss: 327513.535806,  5.61s/it]
                                                                                            Ep 50/100 | Reward: 7250.59 | Policy Loss: 0.2767 | Value Loss: 112248.935334,  5.38s/it]
                                                                                            Ep 75/100 | Reward: 7353.01 | Policy Loss: 0.1675 | Value Loss: 197137.403223,  5.54s/it]
                                                                                            Ep 100/100 | Reward: 7185.70 | Policy Loss: 0.3275 | Value Loss: 136081.13035,  5.42s/it]
                                                                                            Trial 58 complete: 7131.12

[I 2025-11-24 12:27:41,259] Trial 58 finished with value: 7131.121065189209 and parameters: {'lr': 0.001, 'gamma': 0.99, 'eps_clip': 0.25, 'update_freq': 60}. Best is trial 28 with value: 8190.09070554792.
Best trial: 28. Best value: 8190.09:  80%|▊| 8/10 [1:04:02
Trial 66:
  lr=0.000300, gamma=0.995, eps_clip=0.20, update_freq=20
                                                                                            Ep 25/100 | Reward: 8195.42 | Policy Loss: 0.0143 | Value Loss: 96891.0069:00, 10.26s/it]
                                                                                            Ep 50/100 | Reward: 8079.79 | Policy Loss: -0.0076 | Value Loss: 163873.74469,  9.41s/it]
                                                                                            Ep 75/100 | Reward: 7348.89 | Policy Loss: -0.0156 | Value Loss: 39160.784502,  9.33s/it]
                                                                                            Ep 100/100 | Reward: 7127.79 | Policy Loss: -0.0015 | Value Loss: 45878.85049,  9.35s/it]
                                                                                            Trial 66 complete: 7036.18

[I 2025-11-24 12:44:09,616] Trial 66 finished with value: 7036.180276695399 and parameters: {'lr': 0.0003, 'gamma': 0.995, 'eps_clip': 0.2, 'update_freq': 20}. Best is trial 65 with value: 8325.42661741584.
Best trial: 65. Best value: 8325.43:  90%|▉| 9/10 [1:20:31
Trial 74:
  lr=0.000300, gamma=0.995, eps_clip=0.20, update_freq=20
                                                                                            Ep 25/100 | Reward: 8057.53 | Policy Loss: -0.0077 | Value Loss: 162386.83805, 10.21s/it]
                                                                                            Ep 50/100 | Reward: 7974.44 | Policy Loss: -0.0073 | Value Loss: 79642.286941, 10.22s/it]
                                                                                            Ep 75/100 | Reward: 8170.40 | Policy Loss: -0.0127 | Value Loss: 46847.901732,  8.19s/it]
                                                                                            Ep 100/100 | Reward: 7976.74 | Policy Loss: 0.2194 | Value Loss: 69453.308307,  7.08s/it]
                                                                                            Trial 74 complete: 7813.23

[I 2025-11-24 12:59:34,610] Trial 74 finished with value: 7813.226374524502 and parameters: {'lr': 0.0003, 'gamma': 0.995, 'eps_clip': 0.2, 'update_freq': 20}. Best is trial 65 with value: 8325.42661741584.
Best trial: 65. Best value: 8325.43: 100%|█| 10/10 [1:35:5

============================================================
Starting Optuna optimization for PPO
Trials: 10 | Episodes per trial: 100
============================================================

  0%|                              | 0/10 [00:00<?, ?it/s]
Trial 7:
  lr=0.001000, gamma=0.980, eps_clip=0.25, update_freq=40
                                                            Ep 25/100 | Reward: 8128.64 | Policy Loss: 0.0357 | Value Loss: 74542.6664
                                                            Ep 50/100 | Reward: 8000.97 | Policy Loss: 0.0285 | Value Loss: 157962.8935
                                                            Ep 75/100 | Reward: 8114.06 | Policy Loss: 0.1843 | Value Loss: 53025.1754
                                                            Ep 100/100 | Reward: 7964.45 | Policy Loss: 0.0439 | Value Loss: 87429.3747
                                                            Trial 7 complete: 7910.10

[I 2025-11-24 11:28:27,611] Trial 7 finished with value: 7910.096371543083 and parameters: {'lr': 0.001, 'gamma': 0.98, 'eps_clip': 0.25, 'update_freq': 40}. Best is trial 7 with value: 7910.09637154308.
Best trial: 7. Best value: 7910.1:  10%| | 1/10 [04:37<41:
Trial 10:
  lr=0.001000, gamma=0.995, eps_clip=0.25, update_freq=20
                                                            Ep 25/100 | Reward: 7264.99 | Policy Loss: 0.0444 | Value Loss: 1261095.8290
                                                            Ep 50/100 | Reward: 7940.30 | Policy Loss: 0.1370 | Value Loss: 42418.8844
                                                            Ep 75/100 | Reward: 7319.52 | Policy Loss: 0.2272 | Value Loss: 15594.4500
                                                            Ep 100/100 | Reward: 7200.17 | Policy Loss: 0.2123 | Value Loss: 15212.1915
                                                            Trial 10 complete: 7141.84

[I 2025-11-24 11:34:35,172] Trial 10 finished with value: 7141.84198696689 and parameters: {'lr': 0.001, 'gamma': 0.995, 'eps_clip': 0.25, 'update_freq': 20}. Best is trial 4 with value: 7989.06785436328.
Best trial: 4. Best value: 7989.07:  20%|▏| 2/10 [10:43<43
Trial 23:
  lr=0.000100, gamma=0.995, eps_clip=0.10, update_freq=30
                                                            Ep 25/100 | Reward: 7364.13 | Policy Loss: -0.0027 | Value Loss: 36811.1821
                                                            Ep 50/100 | Reward: 7241.25 | Policy Loss: 0.0029 | Value Loss: 51552.8793
                                                            Ep 75/100 | Reward: 7363.07 | Policy Loss: 0.0039 | Value Loss: 35483.5436
                                                            Ep 100/100 | Reward: 7219.53 | Policy Loss: 0.0013 | Value Loss: 32749.7811
                                                            Trial 23 complete: 7159.07

[I 2025-11-24 11:39:13,150] Trial 23 finished with value: 7159.071795594765 and parameters: {'lr': 0.0001, 'gamma': 0.995, 'eps_clip': 0.1, 'update_freq': 30}. Best is trial 14 with value: 8175.00249674365.
Best trial: 14. Best value: 8175:  30%|▎| 3/10 [15:24<35:5
Trial 31:
  lr=0.000100, gamma=0.950, eps_clip=0.25, update_freq=30
                                                            Ep 25/100 | Reward: 7311.35 | Policy Loss: -0.0157 | Value Loss: 19484.4023
                                                            Ep 50/100 | Reward: 7123.77 | Policy Loss: -0.0090 | Value Loss: 45379.9414

  Trial 31:  55%|████▍   | 55/100 [03:02<04:
  Trial 31:  56%|████▍   | 56/100 [03:06<03:
  Trial 31:  57%|████▌   | 57/100 [03:11<03:
  Trial 31:  58%|████▋   | 58/100 [03:16<03:
  Trial 31:  59%|████▋   | 59/100 [03:20<03:
  Trial 31:  60%|████▊   | 60/100 [03:24<02:
  Trial 31:  61%|████▉   | 61/100 [03:31<03:29,  5.3
  Trial 31:  62%|████▉   | 62/100 [03:38<03:43,  5.8
  Trial 31:  63%|█████   | 63/100 [03:45<03:45,  6.0
  Trial 31:  64%|█████   | 64/100 [03:52<03:46,  6.2
  Trial 31:  65%|█████▏  | 65/100 [03:58<03:43,  6.3
  Trial 31:  66%|█████▎  | 66/100 [04:06<03:51,  6.8
  Trial 31:  67%|█████▎  | 67/100 [04:12<03:41,  6.7
  Trial 31:  68%|█████▍  | 68/100 [04:19<03:33,  6.6
  Trial 31:  69%|█████▌  | 69/100 [04:26<03:30,  6.7
  Trial 31:  70%|█████▌  | 70/100 [04:33<03:21,  6.7
  Trial 31:  71%|█████▋  | 71/100 [04:39<03:14,  6.7
  Trial 31:  72%|█████▊  | 72/100 [04:46<03:06,  6.6
  Trial 31:  73%|█████▊  | 73/100 [04:52<02:59,  6.6
  Tria  Ep 75/100 | Reward: 7283.91 | Policy Loss: 0.0057 | Value Loss: 25603.6417

  Trial 31:  75%|██████  | 75/100 [05:06<02:45,  6.6
  Trial 31:  76%|██████  | 76/100 [05:12<02:40,  6.6
  Trial 31:  77%|██████▏ | 77/100 [05:19<02:32,  6.6
  Trial 31:  78%|██████▏ | 78/100 [05:26<02:25,  6.63s/it]  Ep 100/100 | Reward: 7125.82 | Policy Loss: -0.0071 | Value Loss: 18418.63025,  5.44s/it]
                                                            Trial 31 complete: 7075.10

[I 2025-11-24 11:46:58,566] Trial 31 finished with value: 7075.103078583166 and parameters: {'lr': 0.0001, 'gamma': 0.95, 'eps_clip': 0.25, 'update_freq': 30}. Best is trial 28 with value: 8190.09070554792.
Best trial: 28. Best value: 8190.09:  40%|▍| 4/10 [23:07<3
Trial 39:
  lr=0.000100, gamma=0.990, eps_clip=0.15, update_freq=20
                                                                                            Ep 25/100 | Reward: 8102.16 | Policy Loss: -0.0049 | Value Loss: 18815.681331,  7.52s/it]
                                                                                            Ep 50/100 | Reward: 7237.85 | Policy Loss: -0.0054 | Value Loss: 42819.135500,  8.24s/it]
                                                                                            Ep 75/100 | Reward: 7358.57 | Policy Loss: 0.0007 | Value Loss: 30542.0633:18,  7.63s/it]
                                                                                            Ep 100/100 | Reward: 7204.03 | Policy Loss: -0.0119 | Value Loss: 20118.47187,  7.74s/it]
                                                                                            Trial 39 complete: 7151.54

[I 2025-11-24 11:59:54,468] Trial 39 finished with value: 7151.54040190088 and parameters: {'lr': 0.0001, 'gamma': 0.99, 'eps_clip': 0.15, 'update_freq': 20}. Best is trial 28 with value: 8190.09070554792.
Best trial: 28. Best value: 8190.09:  50%|▌| 5/10 [36:03<4
Trial 47:
  lr=0.000100, gamma=0.990, eps_clip=0.30, update_freq=40
                                                                                            Ep 25/100 | Reward: 7469.35 | Policy Loss: 0.0907 | Value Loss: 160052.936656,  5.48s/it]
                                                                                            Ep 50/100 | Reward: 7310.47 | Policy Loss: 0.0696 | Value Loss: 107742.793058,  5.86s/it]
                                                                                            Ep 75/100 | Reward: 7421.28 | Policy Loss: 0.1086 | Value Loss: 70883.4662:43,  6.29s/it]
                                                                                            Ep 100/100 | Reward: 7259.74 | Policy Loss: 0.0455 | Value Loss: 227826.16436,  6.48s/it]
                                                                                            Trial 47 complete: 7193.02

[I 2025-11-24 12:10:02,781] Trial 47 finished with value: 7193.015278473942 and parameters: {'lr': 0.0001, 'gamma': 0.99, 'eps_clip': 0.3, 'update_freq': 40}. Best is trial 28 with value: 8190.09070554792.
Best trial: 28. Best value: 8190.09:  60%|▌| 6/10 [46:10<3
Trial 55:
  lr=0.001000, gamma=0.990, eps_clip=0.25, update_freq=40
                                                                                            Ep 25/100 | Reward: 7834.08 | Policy Loss: 0.0326 | Value Loss: 177648.036555,  6.25s/it]
                                                                                            Ep 50/100 | Reward: 7875.49 | Policy Loss: 0.0847 | Value Loss: 174421.212545,  6.78s/it]
                                                                                            Ep 75/100 | Reward: 7985.71 | Policy Loss: 0.0579 | Value Loss: 128665.462452,  6.62s/it]
                                                                                            Ep 100/100 | Reward: 7840.08 | Policy Loss: 0.0457 | Value Loss: 67792.060907,  7.19s/it]
                                                                                            Trial 55 complete: 7791.12

[I 2025-11-24 12:21:02,505] Trial 55 finished with value: 7791.1183500016505 and parameters: {'lr': 0.001, 'gamma': 0.99, 'eps_clip': 0.25, 'update_freq': 40}. Best is trial 28 with value: 8190.09070554792.
Best trial: 28. Best value: 8190.09:  70%|▋| 7/10 [57:10<2
Trial 61:
  lr=0.000300, gamma=0.995, eps_clip=0.20, update_freq=60
                                                                                            Ep 25/100 | Reward: 5514.22 | Policy Loss: 0.1835 | Value Loss: 1754580.85599,  5.53s/it]
                                                                                            Ep 50/100 | Reward: 5405.09 | Policy Loss: -0.0017 | Value Loss: 702342.99970,  5.49s/it]
                                                                                            Ep 75/100 | Reward: 5551.13 | Policy Loss: 0.0114 | Value Loss: 292786.990525,  5.61s/it]
                                                                                            Ep 100/100 | Reward: 5487.37 | Policy Loss: 0.0046 | Value Loss: 212729.11234,  4.61s/it]
                                                                                            Trial 61 complete: 4956.47

[I 2025-11-24 12:30:01,390] Trial 61 finished with value: 4956.466592681278 and parameters: {'lr': 0.0003, 'gamma': 0.995, 'eps_clip': 0.2, 'update_freq': 60}. Best is trial 28 with value: 8190.09070554792.
Best trial: 28. Best value: 8190.09:  80%|▊| 8/10 [1:06:09
Trial 67:
  lr=0.000300, gamma=0.995, eps_clip=0.20, update_freq=20
                                                                                            Ep 25/100 | Reward: 8175.76 | Policy Loss: -0.0055 | Value Loss: 43707.262040, 10.00s/it]
                                                                                            Ep 50/100 | Reward: 8080.06 | Policy Loss: 0.0265 | Value Loss: 32751.3959:53,  9.29s/it]
                                                                                            Ep 75/100 | Reward: 7751.62 | Policy Loss: 0.0245 | Value Loss: 53985.3967:13,  9.74s/it]
                                                                                            Ep 100/100 | Reward: 7221.38 | Policy Loss: 0.0135 | Value Loss: 53411.470409,  9.79s/it]
                                                                                            Trial 67 complete: 7170.96

[I 2025-11-24 12:46:14,376] Trial 67 finished with value: 7170.9551125305325 and parameters: {'lr': 0.0003, 'gamma': 0.995, 'eps_clip': 0.2, 'update_freq': 20}. Best is trial 65 with value: 8325.42661741584.
Best trial: 65. Best value: 8325.43:  90%|▉| 9/10 [1:22:23
Trial 75:
  lr=0.000300, gamma=0.995, eps_clip=0.20, update_freq=20
                                                                                            Ep 25/100 | Reward: 7300.41 | Policy Loss: -0.0058 | Value Loss: 68926.441004, 10.32s/it]
                                                                                            Ep 50/100 | Reward: 7188.29 | Policy Loss: 0.1711 | Value Loss: 456953.097422,  9.85s/it]
                                                                                            Ep 75/100 | Reward: 7358.88 | Policy Loss: 0.1559 | Value Loss: 61392.5256:15,  7.52s/it]
                                                                                            Ep 100/100 | Reward: 7072.26 | Policy Loss: 0.0236 | Value Loss: 1092706.3938,  4.18s/it]
                                                                                            Trial 75 complete: 7017.21

[I 2025-11-24 13:00:36,588] Trial 75 finished with value: 7017.209286809349 and parameters: {'lr': 0.0003, 'gamma': 0.995, 'eps_clip': 0.2, 'update_freq': 20}. Best is trial 65 with value: 8325.42661741584.
Best trial: 65. Best value: 8325.43: 100%|█| 10/10 [1:36:4

============================================================
Starting Optuna optimization for PPO
Trials: 10 | Episodes per trial: 100
============================================================

  0%|                              | 0/10 [00:00<?, ?it/s]
Trial 3:
  lr=0.000100, gamma=0.980, eps_clip=0.25, update_freq=30
                                                            Ep 25/100 | Reward: 8296.34 | Policy Loss: 0.1186 | Value Loss: 108753.3312
                                                            Ep 50/100 | Reward: 8186.63 | Policy Loss: 0.0866 | Value Loss: 224676.8919
                                                            Ep 75/100 | Reward: 8242.85 | Policy Loss: 0.1257 | Value Loss: 118647.4683
                                                            Ep 100/100 | Reward: 8081.76 | Policy Loss: 0.1108 | Value Loss: 628820.1729
                                                            Trial 3 complete: 7979.60

[I 2025-11-24 11:29:23,711] Trial 3 finished with value: 7979.603902173656 and parameters: {'lr': 0.0001, 'gamma': 0.98, 'eps_clip': 0.25, 'update_freq': 30}. Best is trial 4 with value: 7989.06785436328.
Best trial: 4. Best value: 7989.07:  10%| | 1/10 [05:50<52
Trial 13:
  lr=0.000100, gamma=0.980, eps_clip=0.15, update_freq=30
                                                            Ep 25/100 | Reward: 7909.82 | Policy Loss: 0.0361 | Value Loss: 91171.0542
                                                            Ep 50/100 | Reward: 7597.10 | Policy Loss: 0.0287 | Value Loss: 57866.9440
                                                            Ep 75/100 | Reward: 7653.25 | Policy Loss: 0.0010 | Value Loss: 48835.7379
                                                            Ep 100/100 | Reward: 7473.88 | Policy Loss: -0.0019 | Value Loss: 35933.5971
                                                            Trial 13 complete: 7405.41

[I 2025-11-24 11:34:08,345] Trial 13 finished with value: 7405.41296728602 and parameters: {'lr': 0.0001, 'gamma': 0.98, 'eps_clip': 0.15, 'update_freq': 30}. Best is trial 4 with value: 7989.06785436328.
Best trial: 4. Best value: 7989.07:  20%|▏| 2/10 [10:32<41
Trial 21:
  lr=0.000300, gamma=0.995, eps_clip=0.10, update_freq=30
                                                            Ep 25/100 | Reward: 6430.59 | Policy Loss: 0.0098 | Value Loss: 54227.9244
                                                            Ep 50/100 | Reward: 3975.15 | Policy Loss: -0.0050 | Value Loss: 36230.2575
                                                            Ep 75/100 | Reward: 4130.05 | Policy Loss: -0.0044 | Value Loss: 169445.8769
                                                            Ep 100/100 | Reward: 4128.43 | Policy Loss: 0.0075 | Value Loss: 54805.5342
                                                            Trial 21 complete: 3629.93

[I 2025-11-24 11:38:47,859] Trial 21 finished with value: 3629.9337026526373 and parameters: {'lr': 0.0003, 'gamma': 0.995, 'eps_clip': 0.1, 'update_freq': 30}. Best is trial 14 with value: 8175.00249674365.
Best trial: 14. Best value: 8175:  30%|▎| 3/10 [15:12<34:3
Trial 29:
  lr=0.000100, gamma=0.950, eps_clip=0.15, update_freq=30
                                                            Ep 25/100 | Reward: 7968.66 | Policy Loss: 0.1316 | Value Loss: 71888.4917
                                                            Ep 50/100 | Reward: 7690.09 | Policy Loss: 0.1573 | Value Loss: 227326.7065

  Trial 29:  69%|█████▌  | 69/100 [03:35<02:
  Trial 29:  70%|█████▌  | 70/100 [03:40<02:
  Trial 29:  71%|█████▋  | 71/100 [03:44<02:
  Trial 29:  72%|█████▊  | 72/100 [03:49<02:
  Trial 29:  73%|█████▊  | 73/100 [03:53<02:
  Trial 29:  7  Ep 75/100 | Reward: 7738.22 | Policy Loss: -0.0049 | Value Loss: 258047.0276

  Trial 29:  75%|██████  | 75/100 [04:07<02:25,  5.8
  Trial 29:  76%|██████  | 76/100 [04:13<02:25,  6.0
  Trial 29:  77%|██████▏ | 77/100 [04:20<02:25,  6.3
  Trial 29:  78%|██████▏ | 78/100 [04:27<02:20,  6.3
  Trial 29:  79%|██████▎ | 79/100 [04:34<02:21,  6.7
  Trial 29:  80%|██████▍ | 80/100 [04:41<02:12,  6.6
  Trial 29:  81%|██████▍ | 81/100 [04:47<02:05,  6.6
  Trial 29:  82%|██████▌ | 82/100 [04:55<02:01,  6.7
  Trial 29:  83%|██████▋ | 83/100 [05:01<01:54,  6.7
  Trial 29:  84%|██████▋ | 84/100 [05:08<01:47,  6.7
  Trial 29:  85%|██████▊ | 85/100 [05:14<01:40,  6.6
  Trial 29:  86%|██████▉ | 86/100 [05:21<01:33,  6.6
  Trial 29:  87%|██████▉ | 87/100 [05:28<01:26,  6.6
  Trial 29:  88%|███████ | 88/100 [05:34<01:18,  6.5
  Trial 29:  89%|███████ | 89/100 [05:41<01:12,  6.6
  Trial 29:  90%|███████▏| 90/100 [05:47<01:06,  6.6
  Trial 29:  91%|███████▎| 91/100 [05:54<00:59,  6.63s/it]  Ep 100/100 | Reward: 7523.06 | Policy Loss: 0.0390 | Value Loss: 136112.25916,  6.96s/it]
                                                            Trial 29 complete: 7390.93

[I 2025-11-24 11:45:43,745] Trial 29 finished with value: 7390.9270284845525 and parameters: {'lr': 0.0001, 'gamma': 0.95, 'eps_clip': 0.15, 'update_freq': 30}. Best is trial 14 with value: 8175.00249674365.
Best trial: 28. Best value: 8190.09:  40%|▍| 4/10 [22:08<3
Trial 36:
  lr=0.000100, gamma=0.950, eps_clip=0.15, update_freq=20
                                                                                            Ep 25/100 | Reward: 7337.12 | Policy Loss: 0.1087 | Value Loss: 12565.1414:36,  7.59s/it]
                                                                                            Ep 50/100 | Reward: 7245.44 | Policy Loss: 0.0631 | Value Loss: 11420.5185:32,  7.70s/it]
                                                                                            Ep 75/100 | Reward: 7358.71 | Policy Loss: 0.0745 | Value Loss: 15267.5463:15,  7.51s/it]
                                                                                            Ep 100/100 | Reward: 7241.27 | Policy Loss: 0.0827 | Value Loss: 13263.011108,  8.11s/it]
                                                                                            Trial 36 complete: 7205.82

[I 2025-11-24 11:58:38,935] Trial 36 finished with value: 7205.823105293183 and parameters: {'lr': 0.0001, 'gamma': 0.95, 'eps_clip': 0.15, 'update_freq': 20}. Best is trial 28 with value: 8190.09070554792.
Best trial: 28. Best value: 8190.09:  50%|▌| 5/10 [35:02<4
Trial 44:
  lr=0.000100, gamma=0.990, eps_clip=0.30, update_freq=40
                                                                                            Ep 25/100 | Reward: 8467.56 | Policy Loss: -0.0064 | Value Loss: 76218.755106,  4.82s/it]
                                                                                            Ep 50/100 | Reward: 6745.34 | Policy Loss: -0.0027 | Value Loss: 64348.539147,  5.64s/it]
                                                                                            Ep 75/100 | Reward: 5335.40 | Policy Loss: -0.0018 | Value Loss: 60292.973253,  6.69s/it]
                                                                                            Ep 100/100 | Reward: 5308.41 | Policy Loss: 0.0135 | Value Loss: 46210.320506,  6.12s/it]
                                                                                            Trial 44 complete: 4786.68

[I 2025-11-24 12:08:00,486] Trial 44 finished with value: 4786.682549437046 and parameters: {'lr': 0.0001, 'gamma': 0.99, 'eps_clip': 0.3, 'update_freq': 40}. Best is trial 28 with value: 8190.09070554792.
Best trial: 28. Best value: 8190.09:  60%|▌| 6/10 [44:24<3
Trial 52:
  lr=0.001000, gamma=0.990, eps_clip=0.25, update_freq=30
                                                                                            Ep 25/100 | Reward: 4541.21 | Policy Loss: 0.0437 | Value Loss: 76109.3759:27,  8.25s/it]
                                                                                            Ep 50/100 | Reward: 4867.83 | Policy Loss: 0.1530 | Value Loss: 48128.6488:37,  7.80s/it]
                                                                                            Ep 75/100 | Reward: 4509.97 | Policy Loss: 0.2152 | Value Loss: 31324.1087:26,  7.92s/it]
                                                                                            Ep 100/100 | Reward: 4507.19 | Policy Loss: 0.1542 | Value Loss: 40414.274908,  8.45s/it]
                                                                                            Trial 52 complete: 3958.01

[I 2025-11-24 12:21:37,854] Trial 52 finished with value: 3958.0073583001795 and parameters: {'lr': 0.001, 'gamma': 0.99, 'eps_clip': 0.25, 'update_freq': 30}. Best is trial 28 with value: 8190.09070554792.
Best trial: 28. Best value: 8190.09:  70%|▋| 7/10 [58:01<3
Trial 62:
  lr=0.000300, gamma=0.980, eps_clip=0.20, update_freq=60
                                                                                            Ep 25/100 | Reward: 7430.59 | Policy Loss: -0.0008 | Value Loss: 305421.77580,  5.67s/it]
                                                                                            Ep 50/100 | Reward: 7213.60 | Policy Loss: -0.0046 | Value Loss: 126621.52662,  5.35s/it]
                                                                                            Ep 75/100 | Reward: 7345.19 | Policy Loss: 0.0020 | Value Loss: 139373.604612,  5.09s/it]
                                                                                            Ep 100/100 | Reward: 7142.06 | Policy Loss: 0.0039 | Value Loss: 107507.33224,  4.98s/it]
                                                                                            Trial 62 complete: 7070.89

[I 2025-11-24 12:30:34,242] Trial 62 finished with value: 7070.885702291709 and parameters: {'lr': 0.0003, 'gamma': 0.98, 'eps_clip': 0.2, 'update_freq': 60}. Best is trial 28 with value: 8190.09070554792.
Best trial: 28. Best value: 8190.09:  80%|▊| 8/10 [1:06:58
Trial 68:
  lr=0.000300, gamma=0.980, eps_clip=0.20, update_freq=20
                                                                                            Ep 25/100 | Reward: 7927.65 | Policy Loss: 0.2154 | Value Loss: 188619.202432,  9.90s/it]
                                                                                            Ep 50/100 | Reward: 7513.16 | Policy Loss: 0.2244 | Value Loss: 81268.6581:44,  9.10s/it]
                                                                                            Ep 75/100 | Reward: 8069.50 | Policy Loss: 0.1741 | Value Loss: 24583.2880:06,  9.46s/it]
                                                                                            Ep 100/100 | Reward: 7852.56 | Policy Loss: 0.1596 | Value Loss: 145777.78759,  9.60s/it]
                                                                                            Trial 68 complete: 7777.64

[I 2025-11-24 12:46:41,667] Trial 68 finished with value: 7777.640610097158 and parameters: {'lr': 0.0003, 'gamma': 0.98, 'eps_clip': 0.2, 'update_freq': 20}. Best is trial 65 with value: 8325.42661741584.
Best trial: 65. Best value: 8325.43:  90%|▉| 9/10 [1:23:07
Trial 76:
  lr=0.000300, gamma=0.995, eps_clip=0.20, update_freq=60
                                                                                            Ep 25/100 | Reward: 7679.11 | Policy Loss: -0.0007 | Value Loss: 921859.75381,  4.63s/it]
                                                                                            Ep 50/100 | Reward: 7430.39 | Policy Loss: -0.0052 | Value Loss: 416397.24174,  4.79s/it]
                                                                                            Ep 75/100 | Reward: 7219.78 | Policy Loss: 0.0120 | Value Loss: 189548.933700,  4.62s/it]
                                                                                            Ep 100/100 | Reward: 6957.35 | Policy Loss: 0.0016 | Value Loss: 167363.07324,  4.45s/it]
                                                                                            Trial 76 complete: 6839.14

[I 2025-11-24 12:54:31,151] Trial 76 finished with value: 6839.142286582295 and parameters: {'lr': 0.0003, 'gamma': 0.995, 'eps_clip': 0.2, 'update_freq': 60}. Best is trial 65 with value: 8325.42661741584.
Best trial: 65. Best value: 8325.43: 100%|█| 10/10 [1:30:5

============================================================
Starting Optuna optimization for PPO
Trials: 10 | Episodes per trial: 100
============================================================

  0%|                              | 0/10 [00:00<?, ?it/s]
Trial 2:
  lr=0.000300, gamma=0.950, eps_clip=0.30, update_freq=40
                                                            Ep 25/100 | Reward: 7335.59 | Policy Loss: 0.0085 | Value Loss: 137240.4937
                                                            Ep 50/100 | Reward: 7164.83 | Policy Loss: -0.0017 | Value Loss: 100469.9976
                                                            Ep 75/100 | Reward: 7268.99 | Policy Loss: 0.0038 | Value Loss: 165652.2616
                                                            Ep 100/100 | Reward: 7175.06 | Policy Loss: 0.0278 | Value Loss: 296669.8973
                                                            Trial 2 complete: 7062.34

[I 2025-11-24 11:28:20,511] Trial 2 finished with value: 7062.336146228721 and parameters: {'lr': 0.0003, 'gamma': 0.95, 'eps_clip': 0.3, 'update_freq': 40}. Best is trial 6 with value: 7796.06047590278.
Best trial: 6. Best value: 7796.06:  10%| | 1/10 [04:46<43
Trial 9:
  lr=0.000100, gamma=0.950, eps_clip=0.25, update_freq=60
                                                            Ep 25/100 | Reward: 8074.26 | Policy Loss: 0.0638 | Value Loss: 34637.2023
                                                            Ep 50/100 | Reward: 7498.88 | Policy Loss: 0.0535 | Value Loss: 466004.4798
                                                            Ep 75/100 | Reward: 7642.52 | Policy Loss: 0.0498 | Value Loss: 26378.4400
                                                            Ep 100/100 | Reward: 7542.74 | Policy Loss: 0.1075 | Value Loss: 105877.6681
                                                            Trial 9 complete: 7537.97

[I 2025-11-24 11:31:31,465] Trial 9 finished with value: 7537.967553001729 and parameters: {'lr': 0.0001, 'gamma': 0.95, 'eps_clip': 0.25, 'update_freq': 60}. Best is trial 4 with value: 7989.06785436328.
Best trial: 4. Best value: 7989.07:  20%|▏| 2/10 [08:00<30
Trial 17:
  lr=0.000300, gamma=0.995, eps_clip=0.10, update_freq=30
                                                            Ep 25/100 | Reward: 4335.82 | Policy Loss: 0.0112 | Value Loss: 3345671.4669
                                                            Ep 50/100 | Reward: 4254.09 | Policy Loss: -0.0000 | Value Loss: 58429.9680
                                                            Ep 75/100 | Reward: 4333.61 | Policy Loss: 0.0046 | Value Loss: 68992.4474
                                                            Ep 100/100 | Reward: 4289.37 | Policy Loss: 0.0340 | Value Loss: 23004.1240
                                                            Trial 17 complete: 3748.93

[I 2025-11-24 11:36:14,702] Trial 17 finished with value: 3748.9348092978244 and parameters: {'lr': 0.0003, 'gamma': 0.995, 'eps_clip': 0.1, 'update_freq': 30}. Best is trial 14 with value: 8175.00249674365.
Best trial: 14. Best value: 8175:  30%|▎| 3/10 [12:41<29:3
Trial 25:
  lr=0.000300, gamma=0.950, eps_clip=0.15, update_freq=30
                                                            Ep 25/100 | Reward: 7468.53 | Policy Loss: 0.0213 | Value Loss: 11313.9422
                                                            Ep 50/100 | Reward: 4113.51 | Policy Loss: 0.0295 | Value Loss: 289515.5105
                                                            Ep 75/100 | Reward: 4058.01 | Policy Loss: 0.0295 | Value Loss: 411339.6151
                                                            Ep 100/100 | Reward: 4055.88 | Policy Loss: 0.0266 | Value Loss: 690751.1148
                                                            Trial 25 complete: 3496.94

[I 2025-11-24 11:41:02,070] Trial 25 finished with value: 3496.9382829747146 and parameters: {'lr': 0.0003, 'gamma': 0.95, 'eps_clip': 0.15, 'update_freq': 30}. Best is trial 14 with value: 8175.00249674365.
Best trial: 14. Best value: 8175:  40%|▍| 4/10 [17:27<26:4
Trial 33:
  lr=0.000100, gamma=0.950, eps_clip=0.15, update_freq=30

  Trial 33:  19%|█▌      | 19/100 [01:16<07:
  Trial 33:  20%|█▌      | 20/100 [01:20<06:
  Trial 33:  21%|█▋      | 21/100 [01:25<06:
  Trial 33:  22%|█▊      | 22/100 [01:29<06:
  Trial 33:  23%|█▊      | 23/100 [01:34<05:
  Trial 33:  2  Ep 25/100 | Reward: 7230.22 | Policy Loss: -0.0058 | Value Loss: 11703.5832

  Trial 33:  25%|██      | 25/100 [01:47<07:11,  5.7
  Trial 33:  26%|██      | 26/100 [01:54<07:19,  5.9
  Trial 33:  27%|██▏     | 27/100 [02:00<07:34,  6.2
  Trial 33:  28%|██▏     | 28/100 [02:07<07:39,  6.3
  Trial 33:  29%|██▎     | 29/100 [02:15<07:57,  6.7
  Trial 33:  30%|██▍     | 30/100 [02:21<07:49,  6.7
  Trial 33:  31%|██▍     | 31/100 [02:28<07:39,  6.6
  Trial 33:  32%|██▌     | 32/100 [02:35<07:43,  6.8
  Trial 33:  33%|██▋     | 33/100 [02:42<07:32,  6.7
  Trial 33:  34%|██▋     | 34/100 [02:48<07:21,  6.6
  Trial 33:  35%|██▊     | 35/100 [02:55<07:11,  6.6
  Trial 33:  36%|██▉     | 36/100 [03:01<07:05,  6.6
  Trial 33:  37%|██▉     | 37/100 [03:08<06:59,  6.6
  Trial 33:  38%|███     | 38/100 [03:15<06:47,  6.5
  Trial 33:  39%|███     | 39/100 [03:21<06:40,  6.5
  Trial 33:  40%|███▏    | 40/100 [03:28<06:37,  6.6
  Trial 33:  41%|███▎    | 41/100 [03:35<06:34,  6.68s/it]  Ep 50/100 | Reward: 7069.88 | Policy Loss: -0.0016 | Value Loss: 8049.6891:52,  6.91s/it]
                                                            Ep 75/100 | Reward: 7345.21 | Policy Loss: -0.0030 | Value Loss: 22658.068318,  5.33s/it]
                                                            Ep 100/100 | Reward: 7185.88 | Policy Loss: -0.0068 | Value Loss: 13718.92595,  5.26s/it]
                                                            Trial 33 complete: 7134.41

[I 2025-11-24 11:50:09,352] Trial 33 finished with value: 7134.407959899678 and parameters: {'lr': 0.0001, 'gamma': 0.95, 'eps_clip': 0.15, 'update_freq': 30}. Best is trial 28 with value: 8190.09070554792.
Best trial: 28. Best value: 8190.09:  50%|▌| 5/10 [26:35<3
Trial 41:
  lr=0.000300, gamma=0.990, eps_clip=0.30, update_freq=20
                                                                                            Ep 25/100 | Reward: 7219.35 | Policy Loss: -0.0112 | Value Loss: 63351.021835,  8.36s/it]
                                                                                            Ep 50/100 | Reward: 7049.22 | Policy Loss: -0.0022 | Value Loss: 28801.668227,  7.60s/it]
                                                                                            Ep 75/100 | Reward: 7206.91 | Policy Loss: 0.0186 | Value Loss: 54808.6245:20,  7.72s/it]
                                                                                            Ep 100/100 | Reward: 7027.50 | Policy Loss: -0.0074 | Value Loss: 56574.44829,  9.93s/it]
                                                                                            Trial 41 complete: 6956.97

[I 2025-11-24 12:03:51,945] Trial 41 finished with value: 6956.972162490725 and parameters: {'lr': 0.0003, 'gamma': 0.99, 'eps_clip': 0.3, 'update_freq': 20}. Best is trial 28 with value: 8190.09070554792.
Best trial: 28. Best value: 8190.09:  60%|▌| 6/10 [40:17<3
Trial 49:
  lr=0.000100, gamma=0.990, eps_clip=0.30, update_freq=40
                                                                                            Ep 25/100 | Reward: 7363.93 | Policy Loss: -0.0014 | Value Loss: 50773.524113,  6.49s/it]
                                                                                            Ep 50/100 | Reward: 7244.15 | Policy Loss: -0.0044 | Value Loss: 74099.713451,  6.89s/it]
                                                                                            Ep 75/100 | Reward: 7369.15 | Policy Loss: -0.0030 | Value Loss: 69171.872541,  6.20s/it]
                                                                                            Ep 100/100 | Reward: 7255.27 | Policy Loss: -0.0025 | Value Loss: 77059.57886,  6.41s/it]
                                                                                            Trial 49 complete: 7213.31

[I 2025-11-24 12:14:39,578] Trial 49 finished with value: 7213.313306575799 and parameters: {'lr': 0.0001, 'gamma': 0.99, 'eps_clip': 0.3, 'update_freq': 40}. Best is trial 28 with value: 8190.09070554792.
Best trial: 28. Best value: 8190.09:  70%|▋| 7/10 [51:05<2
Trial 56:
  lr=0.001000, gamma=0.980, eps_clip=0.25, update_freq=60
                                                                                            Ep 25/100 | Reward: 7332.18 | Policy Loss: -0.0180 | Value Loss: 132832.31748,  4.85s/it]
                                                                                            Ep 50/100 | Reward: 6017.98 | Policy Loss: 0.2148 | Value Loss: 178038.067127,  5.25s/it]
                                                                                            Ep 75/100 | Reward: 4246.87 | Policy Loss: 0.2006 | Value Loss: 59901.1587:16,  5.23s/it]
                                                                                            Ep 100/100 | Reward: 4242.76 | Policy Loss: 0.1692 | Value Loss: 28230.028305,  5.53s/it]
                                                                                            Trial 56 complete: 3729.14

[I 2025-11-24 12:23:26,770] Trial 56 finished with value: 3729.136269392943 and parameters: {'lr': 0.001, 'gamma': 0.98, 'eps_clip': 0.25, 'update_freq': 60}. Best is trial 28 with value: 8190.09070554792.
Best trial: 28. Best value: 8190.09:  80%|▊| 8/10 [59:52<1
Trial 64:
  lr=0.000300, gamma=0.995, eps_clip=0.30, update_freq=20
                                                                                            Ep 25/100 | Reward: 8000.17 | Policy Loss: -0.0148 | Value Loss: 2469711.2363, 11.87s/it]
                                                                                            Ep 50/100 | Reward: 7767.15 | Policy Loss: 0.0111 | Value Loss: 87654.8802:30, 10.01s/it]
                                                                                            Ep 75/100 | Reward: 7906.00 | Policy Loss: 0.1151 | Value Loss: 42511.5547:06,  9.47s/it]
                                                                                            Ep 100/100 | Reward: 7892.31 | Policy Loss: 0.0302 | Value Loss: 42487.130309,  9.35s/it]
                                                                                            Trial 64 complete: 8045.67

[I 2025-11-24 12:40:55,135] Trial 64 finished with value: 8045.666624528494 and parameters: {'lr': 0.0003, 'gamma': 0.995, 'eps_clip': 0.3, 'update_freq': 20}. Best is trial 63 with value: 8206.93041870482.
Best trial: 63. Best value: 8206.93:  90%|▉| 9/10 [1:17:23
Trial 72:
  lr=0.000300, gamma=0.950, eps_clip=0.20, update_freq=20
                                                                                            Ep 25/100 | Reward: 6174.78 | Policy Loss: 0.2824 | Value Loss: 78282.8377:59,  9.46s/it]
                                                                                            Ep 50/100 | Reward: 6996.69 | Policy Loss: 0.2442 | Value Loss: 17773.5973:40, 10.20s/it]
                                                                                            Ep 75/100 | Reward: 7076.06 | Policy Loss: 0.1907 | Value Loss: 182289.185221, 10.05s/it]
                                                                                            Ep 100/100 | Reward: 6949.55 | Policy Loss: 0.2507 | Value Loss: 81373.375408,  8.09s/it]
                                                                                            Trial 72 complete: 6965.44

[I 2025-11-24 12:57:04,273] Trial 72 finished with value: 6965.443779602945 and parameters: {'lr': 0.0003, 'gamma': 0.95, 'eps_clip': 0.2, 'update_freq': 20}. Best is trial 65 with value: 8325.42661741584.
Best trial: 65. Best value: 8325.43: 100%|█| 10/10 [1:33:3

============================================================
Starting Optuna optimization for PPO
Trials: 10 | Episodes per trial: 100
============================================================

  0%|                              | 0/10 [00:00<?, ?it/s]
Trial 0:
  lr=0.000100, gamma=0.980, eps_clip=0.20, update_freq=20
                                                            Ep 25/100 | Reward: 7289.56 | Policy Loss: -0.0041 | Value Loss: 13468.7262
                                                            Ep 50/100 | Reward: 7611.05 | Policy Loss: 0.0759 | Value Loss: 70935.5266
                                                            Ep 75/100 | Reward: 8090.40 | Policy Loss: -0.0079 | Value Loss: 89555.4075
                                                            Ep 100/100 | Reward: 7811.35 | Policy Loss: 0.0021 | Value Loss: 22590.0433
                                                            Trial 0 complete: 7737.90

[I 2025-11-24 11:30:43,290] Trial 0 finished with value: 7737.899893634504 and parameters: {'lr': 0.0001, 'gamma': 0.98, 'eps_clip': 0.2, 'update_freq': 20}. Best is trial 4 with value: 7989.06785436328.
Best trial: 4. Best value: 7989.07:  10%| | 1/10 [07:13<1:
Trial 15:
  lr=0.000300, gamma=0.995, eps_clip=0.20, update_freq=40
                                                            Ep 25/100 | Reward: 5467.62 | Policy Loss: -0.0105 | Value Loss: 40395.6895
                                                            Ep 50/100 | Reward: 3996.47 | Policy Loss: -0.0048 | Value Loss: 88206.5890
                                                            Ep 75/100 | Reward: 4137.29 | Policy Loss: -0.0062 | Value Loss: 40610.6673
                                                            Ep 100/100 | Reward: 4124.71 | Policy Loss: -0.0067 | Value Loss: 21928.5871
                                                            Trial 15 complete: 3621.65

[I 2025-11-24 11:34:34,361] Trial 15 finished with value: 3621.6479770132696 and parameters: {'lr': 0.0003, 'gamma': 0.995, 'eps_clip': 0.2, 'update_freq': 40}. Best is trial 4 with value: 7989.06785436328.
Best trial: 4. Best value: 7989.07:  20%|▏| 2/10 [11:03<41
Trial 22:
  lr=0.000300, gamma=0.995, eps_clip=0.10, update_freq=30
                                                            Ep 25/100 | Reward: 4795.90 | Policy Loss: -0.0033 | Value Loss: 86626.5013
                                                            Ep 50/100 | Reward: 4987.09 | Policy Loss: -0.0040 | Value Loss: 199819.8884
                                                            Ep 75/100 | Reward: 4923.03 | Policy Loss: -0.0042 | Value Loss: 542892.6848
                                                            Ep 100/100 | Reward: 4626.69 | Policy Loss: 0.1222 | Value Loss: 118200.3381
                                                            Trial 22 complete: 4120.60

[I 2025-11-24 11:39:12,684] Trial 22 finished with value: 4120.596066497594 and parameters: {'lr': 0.0003, 'gamma': 0.995, 'eps_clip': 0.1, 'update_freq': 30}. Best is trial 14 with value: 8175.00249674365.
Best trial: 14. Best value: 8175:  30%|▎| 3/10 [15:44<34:5
Trial 30:
  lr=0.000100, gamma=0.950, eps_clip=0.25, update_freq=30
                                                            Ep 25/100 | Reward: 8335.72 | Policy Loss: 0.1562 | Value Loss: 250315.3512
                                                            Ep 50/100 | Reward: 8131.77 | Policy Loss: 0.1185 | Value Loss: 54609.1840

  Trial 30:  56%|████▍   | 56/100 [03:05<03:
  Trial 30:  57%|████▌   | 57/100 [03:10<03:
  Trial 30:  58%|████▋   | 58/100 [03:15<03:
  Trial 30:  59%|████▋   | 59/100 [03:19<03:
  Trial 30:  60%|████▊   | 60/100 [03:23<03:
  Trial 30:  61%|████▉   | 61/100 [03:30<03:26,  5.3
  Trial 30:  62%|████▉   | 62/100 [03:37<03:40,  5.7
  Trial 30:  63%|█████   | 63/100 [03:44<03:42,  6.0
  Trial 30:  64%|█████   | 64/100 [03:51<03:44,  6.2
  Trial 30:  65%|█████▏  | 65/100 [03:57<03:41,  6.3
  Trial 30:  66%|█████▎  | 66/100 [04:05<03:46,  6.6
  Trial 30:  67%|█████▎  | 67/100 [04:11<03:38,  6.6
  Trial 30:  68%|█████▍  | 68/100 [04:18<03:32,  6.6
  Trial 30:  69%|█████▌  | 69/100 [04:25<03:30,  6.8
  Trial 30:  70%|█████▌  | 70/100 [04:32<03:22,  6.7
  Trial 30:  71%|█████▋  | 71/100 [04:38<03:14,  6.7
  Trial 30:  72%|█████▊  | 72/100 [04:45<03:06,  6.6
  Trial 30:  73%|█████▊  | 73/100 [04:51<02:57,  6.5
  Tria  Ep 75/100 | Reward: 8189.69 | Policy Loss: 0.0716 | Value Loss: 774469.6272

  Trial 30:  75%|██████  | 75/100 [05:04<02:44,  6.5
  Trial 30:  76%|██████  | 76/100 [05:11<02:38,  6.6
  Trial 30:  77%|██████▏ | 77/100 [05:17<02:31,  6.5
  Trial 30:  78%|██████▏ | 78/100 [05:24<02:25,  6.62s/it]  Ep 100/100 | Reward: 8004.78 | Policy Loss: 0.1269 | Value Loss: 82728.362605,  5.53s/it]
                                                            Trial 30 complete: 7913.12

[I 2025-11-24 11:46:57,974] Trial 30 finished with value: 7913.118017404375 and parameters: {'lr': 0.0001, 'gamma': 0.95, 'eps_clip': 0.25, 'update_freq': 30}. Best is trial 28 with value: 8190.09070554792.
Best trial: 28. Best value: 8190.09:  40%|▍| 4/10 [23:28<3
Trial 38:
  lr=0.000100, gamma=0.990, eps_clip=0.15, update_freq=20
                                                                                            Ep 25/100 | Reward: 7632.94 | Policy Loss: -0.0064 | Value Loss: 19008.425531,  7.52s/it]
                                                                                            Ep 50/100 | Reward: 7255.89 | Policy Loss: -0.0102 | Value Loss: 19578.878702,  8.27s/it]
                                                                                            Ep 75/100 | Reward: 7299.93 | Policy Loss: 0.2840 | Value Loss: 185950.790518,  7.62s/it]
                                                                                            Ep 100/100 | Reward: 7122.51 | Policy Loss: 0.1079 | Value Loss: 20028.245807,  7.74s/it]
                                                                                            Trial 38 complete: 7059.61

[I 2025-11-24 11:59:53,800] Trial 38 finished with value: 7059.614406400129 and parameters: {'lr': 0.0001, 'gamma': 0.99, 'eps_clip': 0.15, 'update_freq': 20}. Best is trial 28 with value: 8190.09070554792.
Best trial: 28. Best value: 8190.09:  50%|▌| 5/10 [36:23<4
Trial 46:
  lr=0.000100, gamma=0.990, eps_clip=0.30, update_freq=40
                                                                                            Ep 25/100 | Reward: 8154.94 | Policy Loss: -0.0147 | Value Loss: 56744.076600,  5.53s/it]
                                                                                            Ep 50/100 | Reward: 7986.03 | Policy Loss: -0.0110 | Value Loss: 86991.234500,  5.90s/it]
                                                                                            Ep 75/100 | Reward: 8199.03 | Policy Loss: 0.0694 | Value Loss: 119131.841841,  6.22s/it]
                                                                                            Ep 100/100 | Reward: 8115.52 | Policy Loss: 0.0487 | Value Loss: 233870.47306,  6.54s/it]
                                                                                            Trial 46 complete: 8058.31

[I 2025-11-24 12:10:00,200] Trial 46 finished with value: 8058.312711822915 and parameters: {'lr': 0.0001, 'gamma': 0.99, 'eps_clip': 0.3, 'update_freq': 40}. Best is trial 28 with value: 8190.09070554792.
Best trial: 28. Best value: 8190.09:  60%|▌| 6/10 [46:29<3
Trial 54:
  lr=0.001000, gamma=0.990, eps_clip=0.30, update_freq=40
                                                                                            Ep 25/100 | Reward: 4573.10 | Policy Loss: 0.0373 | Value Loss: 94140.6441:00,  6.32s/it]
                                                                                            Ep 50/100 | Reward: 4305.55 | Policy Loss: 0.2318 | Value Loss: 62575.5641:42,  6.72s/it]
                                                                                            Ep 75/100 | Reward: 4928.03 | Policy Loss: 188.4931 | Value Loss: 59080.78078,  6.47s/it]
                                                                                            Ep 100/100 | Reward: 5179.41 | Policy Loss: 0.2497 | Value Loss: 42714.775707,  7.15s/it]
                                                                                            Trial 54 complete: 4660.66

[I 2025-11-24 12:20:57,224] Trial 54 finished with value: 4660.658059614255 and parameters: {'lr': 0.001, 'gamma': 0.99, 'eps_clip': 0.3, 'update_freq': 40}. Best is trial 28 with value: 8190.09070554792.
Best trial: 28. Best value: 8190.09:  70%|▋| 7/10 [57:26<2
Trial 60:
  lr=0.000300, gamma=0.980, eps_clip=0.25, update_freq=20
                                                                                            Ep 25/100 | Reward: 4052.14 | Policy Loss: -0.0195 | Value Loss: 18889.455624, 12.16s/it]
                                                                                            Ep 50/100 | Reward: 5367.89 | Policy Loss: -0.0049 | Value Loss: 29479.500653, 10.46s/it]
                                                                                            Ep 75/100 | Reward: 4517.04 | Policy Loss: -0.0046 | Value Loss: 22260.300028, 10.33s/it]
                                                                                            Ep 100/100 | Reward: 4813.13 | Policy Loss: 0.1807 | Value Loss: 17212.993109,  9.12s/it]
                                                                                            Trial 60 complete: 4638.25

[I 2025-11-24 12:39:03,134] Trial 60 finished with value: 4638.249815270981 and parameters: {'lr': 0.0003, 'gamma': 0.98, 'eps_clip': 0.25, 'update_freq': 20}. Best is trial 63 with value: 8206.93041870482.
Best trial: 63. Best value: 8206.93:  80%|▊| 8/10 [1:15:33
Trial 71:
  lr=0.000300, gamma=0.995, eps_clip=0.20, update_freq=20
                                                                                            Ep 25/100 | Reward: 7184.30 | Policy Loss: 0.2775 | Value Loss: 37319.5618:46,  9.30s/it]
                                                                                            Ep 50/100 | Reward: 4105.15 | Policy Loss: 0.0337 | Value Loss: 18940.5708:51,  9.25s/it]
                                                                                            Ep 75/100 | Reward: 4252.56 | Policy Loss: 0.0318 | Value Loss: 48763.5705:32, 10.48s/it]
                                                                                            Ep 100/100 | Reward: 4245.31 | Policy Loss: 0.0643 | Value Loss: 7679.4451:08,  8.40s/it]
                                                                                            Trial 71 complete: 3738.72

[I 2025-11-24 12:55:22,072] Trial 71 finished with value: 3738.7181208496113 and parameters: {'lr': 0.0003, 'gamma': 0.995, 'eps_clip': 0.2, 'update_freq': 20}. Best is trial 65 with value: 8325.42661741584.
Best trial: 65. Best value: 8325.43:  90%|▉| 9/10 [1:31:51
Trial 79:
  lr=0.000300, gamma=0.950, eps_clip=0.30, update_freq=20
                                                                                            Ep 25/100 | Reward: 5161.79 | Policy Loss: 0.0070 | Value Loss: 739800.206510,  7.25s/it]
                                                                                            Ep 50/100 | Reward: 4849.86 | Policy Loss: -0.0071 | Value Loss: 11400.848945,  3.24s/it]
                                                                                            Ep 75/100 | Reward: 4979.24 | Policy Loss: 0.0176 | Value Loss: 27191.4989:20,  3.08s/it]
                                                                                            Ep 100/100 | Reward: 4993.80 | Policy Loss: 0.0182 | Value Loss: 124730.61431,  1.74s/it]
                                                                                            Trial 79 complete: 4492.95

[I 2025-11-24 13:03:07,751] Trial 79 finished with value: 4492.95276453862 and parameters: {'lr': 0.0003, 'gamma': 0.95, 'eps_clip': 0.3, 'update_freq': 20}. Best is trial 65 with value: 8325.42661741584.
Best trial: 65. Best value: 8325.43: 100%|█| 10/10 [1:39:3

============================================================
Starting Optuna optimization for PPO
Trials: 10 | Episodes per trial: 100
============================================================

  0%|                              | 0/10 [00:00<?, ?it/s]
Trial 1:
  lr=0.000300, gamma=0.990, eps_clip=0.20, update_freq=30
                                                            Ep 25/100 | Reward: 7326.76 | Policy Loss: -0.0085 | Value Loss: 45520.8160
                                                            Ep 50/100 | Reward: 7258.77 | Policy Loss: -0.0040 | Value Loss: 35533.7041
                                                            Ep 75/100 | Reward: 7294.23 | Policy Loss: 0.0004 | Value Loss: 36142.1482
                                                            Ep 100/100 | Reward: 7165.41 | Policy Loss: -0.0082 | Value Loss: 86626.2329
                                                            Trial 1 complete: 7117.93

[I 2025-11-24 11:29:23,711] Trial 1 finished with value: 7117.929239131603 and parameters: {'lr': 0.0003, 'gamma': 0.99, 'eps_clip': 0.2, 'update_freq': 30}. Best is trial 4 with value: 7989.06785436328.
Best trial: 4. Best value: 7989.07:  10%| | 1/10 [05:54<53
Trial 12:
  lr=0.001000, gamma=0.980, eps_clip=0.10, update_freq=60
                                                            Ep 25/100 | Reward: 8194.95 | Policy Loss: -0.0061 | Value Loss: 232342.3442
                                                            Ep 50/100 | Reward: 8070.73 | Policy Loss: 0.0006 | Value Loss: 262664.2980
                                                            Ep 75/100 | Reward: 8193.54 | Policy Loss: 0.0087 | Value Loss: 182370.4319
                                                            Ep 100/100 | Reward: 8008.99 | Policy Loss: 0.0120 | Value Loss: 131210.3905
                                                            Trial 12 complete: 7943.86

[I 2025-11-24 11:32:35,160] Trial 12 finished with value: 7943.861241394855 and parameters: {'lr': 0.001, 'gamma': 0.98, 'eps_clip': 0.1, 'update_freq': 60}. Best is trial 4 with value: 7989.06785436328.
Best trial: 4. Best value: 7989.07:  20%|▏| 2/10 [09:04<34
Trial 18:
  lr=0.000300, gamma=0.995, eps_clip=0.15, update_freq=30
                                                            Ep 25/100 | Reward: 6896.44 | Policy Loss: 0.0004 | Value Loss: 1417656.3935
                                                            Ep 50/100 | Reward: 7710.16 | Policy Loss: 0.1869 | Value Loss: 253966.4102
                                                            Ep 75/100 | Reward: 7355.79 | Policy Loss: 0.0033 | Value Loss: 33451.2653
                                                            Ep 100/100 | Reward: 7191.92 | Policy Loss: 0.0191 | Value Loss: 105907.8596
                                                            Trial 18 complete: 7137.64

[I 2025-11-24 11:37:14,528] Trial 18 finished with value: 7137.636720696411 and parameters: {'lr': 0.0003, 'gamma': 0.995, 'eps_clip': 0.15, 'update_freq': 30}. Best is trial 14 with value: 8175.00249674365.
Best trial: 14. Best value: 8175:  30%|▎| 3/10 [13:45<31:1
Trial 26:
  lr=0.000100, gamma=0.950, eps_clip=0.10, update_freq=30
                                                            Ep 25/100 | Reward: 7022.70 | Policy Loss: -0.0018 | Value Loss: 100200.8656
                                                            Ep 50/100 | Reward: 4812.54 | Policy Loss: -0.0041 | Value Loss: 270012.9150
                                                            Ep 75/100 | Reward: 4975.41 | Policy Loss: -0.0085 | Value Loss: 500362.8488
                                                            Ep 100/100 | Reward: 5142.85 | Policy Loss: -0.0088 | Value Loss: 91035.9530
                                                            Trial 26 complete: 4873.41

[I 2025-11-24 11:42:16,732] Trial 26 finished with value: 4873.407401663436 and parameters: {'lr': 0.0001, 'gamma': 0.95, 'eps_clip': 0.1, 'update_freq': 30}. Best is trial 14 with value: 8175.00249674365.
Best trial: 14. Best value: 8175:  40%|▍| 4/10 [18:45<28:0
Trial 34:
  lr=0.000100, gamma=0.990, eps_clip=0.15, update_freq=30

  Trial 34:   1%|         | 1/100 [00:04<07:
  Trial 34:   2%|▏        | 2/100 [00:08<07:
  Trial 34:   3%|▎        | 3/100 [00:14<07:
  Trial 34:   4%|▎        | 4/100 [00:18<07:
  Trial 34:   5%|▍        | 5/100 [00:22<07:
  Trial 34:   6%|▌        | 6/100 [00:26<06:
  Trial 34:   7%|▋        | 7/100 [00:35<08:49,  5.6
  Trial 34:   8%|▋        | 8/100 [00:41<09:11,  6.0
  Trial 34:   9%|▊        | 9/100 [00:48<09:19,  6.1
  Trial 34:  10%|▊       | 10/100 [00:55<09:30,  6.3
  Trial 34:  11%|▉       | 11/100 [01:02<09:39,  6.5
  Trial 34:  12%|▉       | 12/100 [01:09<09:58,  6.8
  Trial 34:  13%|█       | 13/100 [01:16<09:42,  6.7
  Trial 34:  14%|█       | 14/100 [01:22<09:37,  6.7
  Trial 34:  15%|█▏      | 15/100 [01:29<09:37,  6.8
  Trial 34:  16%|█▎      | 16/100 [01:36<09:25,  6.7
  Trial 34:  17%|█▎      | 17/100 [01:43<09:17,  6.7
  Trial 34:  18%|█▍      | 18/100 [01:49<09:07,  6.6
  Trial 34:  19%|█▌      | 19/100 [01:56<08:56,  6.6
  Trial 34:  20%|█▌      | 20/100 [02:02<08:52,  6.6
  Trial 34:  21%|█▋      | 21/100 [02:09<08:43,  6.6
  Trial 34:  22%|█▊      | 22/100 [02:16<08:36,  6.6
  Trial 34:  23%|█▊      | 23/100 [02:22<08:33,  6.67s/it]  Ep 25/100 | Reward: 5206.26 | Policy Loss: -0.0052 | Value Loss: 165873.33419,  6.58s/it]
                                                            Ep 50/100 | Reward: 5971.12 | Policy Loss: -0.0093 | Value Loss: 239699.10431,  5.33s/it]
                                                            Ep 75/100 | Reward: 7392.72 | Policy Loss: -0.0043 | Value Loss: 177440.27721,  5.04s/it]
                                                            Ep 100/100 | Reward: 7769.40 | Policy Loss: 0.0848 | Value Loss: 85346.185105,  5.22s/it]
                                                            Trial 34 complete: 7996.79

[I 2025-11-24 11:51:40,196] Trial 34 finished with value: 7996.793314980016 and parameters: {'lr': 0.0001, 'gamma': 0.99, 'eps_clip': 0.15, 'update_freq': 30}. Best is trial 28 with value: 8190.09070554792.
Best trial: 28. Best value: 8190.09:  50%|▌| 5/10 [28:09<3
Trial 42:
  lr=0.000100, gamma=0.990, eps_clip=0.30, update_freq=20
                                                                                            Ep 25/100 | Reward: 7959.64 | Policy Loss: 0.0559 | Value Loss: 30033.3457:36,  7.58s/it]
                                                                                            Ep 50/100 | Reward: 7859.92 | Policy Loss: -0.0025 | Value Loss: 195664.31864,  7.92s/it]
                                                                                            Ep 75/100 | Reward: 7927.99 | Policy Loss: -0.0057 | Value Loss: 26082.408406,  9.49s/it]
                                                                                            Ep 100/100 | Reward: 7874.13 | Policy Loss: -0.0064 | Value Loss: 32996.54191, 11.06s/it]
                                                                                            Trial 42 complete: 7802.95

[I 2025-11-24 12:06:03,002] Trial 42 finished with value: 7802.952111235359 and parameters: {'lr': 0.0001, 'gamma': 0.99, 'eps_clip': 0.3, 'update_freq': 20}. Best is trial 28 with value: 8190.09070554792.
Best trial: 28. Best value: 8190.09:  60%|▌| 6/10 [42:31<3
Trial 50:
  lr=0.000300, gamma=0.990, eps_clip=0.30, update_freq=40
                                                                                            Ep 25/100 | Reward: 7527.71 | Policy Loss: -0.0109 | Value Loss: 60905.606608,  6.43s/it]
                                                                                            Ep 50/100 | Reward: 7351.86 | Policy Loss: 0.1776 | Value Loss: 428559.513439,  6.66s/it]
                                                                                            Ep 75/100 | Reward: 7507.56 | Policy Loss: 0.1789 | Value Loss: 103769.388953,  6.67s/it]
                                                                                            Ep 100/100 | Reward: 7250.00 | Policy Loss: 0.2235 | Value Loss: 70734.546806,  6.41s/it]
                                                                                            Trial 50 complete: 7167.42

[I 2025-11-24 12:16:47,430] Trial 50 finished with value: 7167.423091609793 and parameters: {'lr': 0.0003, 'gamma': 0.99, 'eps_clip': 0.3, 'update_freq': 40}. Best is trial 28 with value: 8190.09070554792.
Best trial: 28. Best value: 8190.09:  70%|▋| 7/10 [53:16<2
Trial 57:
  lr=0.000300, gamma=0.980, eps_clip=0.25, update_freq=60
                                                                                            Ep 25/100 | Reward: 4017.20 | Policy Loss: 0.0016 | Value Loss: 152649.029135,  5.21s/it]
                                                                                            Ep 50/100 | Reward: 4263.94 | Policy Loss: 0.2570 | Value Loss: 341133.276028,  5.27s/it]
                                                                                            Ep 75/100 | Reward: 4168.06 | Policy Loss: 0.0029 | Value Loss: 146747.179421,  5.45s/it]
                                                                                            Ep 100/100 | Reward: 4128.81 | Policy Loss: -0.0064 | Value Loss: 51800.14755,  5.35s/it]
                                                                                            Trial 57 complete: 3630.37

[I 2025-11-24 12:25:42,447] Trial 57 finished with value: 3630.370147762743 and parameters: {'lr': 0.0003, 'gamma': 0.98, 'eps_clip': 0.25, 'update_freq': 60}. Best is trial 28 with value: 8190.09070554792.
Best trial: 28. Best value: 8190.09:  80%|▊| 8/10 [1:02:11
Trial 65:
  lr=0.000300, gamma=0.995, eps_clip=0.20, update_freq=20
                                                                                            Ep 25/100 | Reward: 8394.95 | Policy Loss: -0.0020 | Value Loss: 67026.736036, 10.75s/it]
                                                                                            Ep 50/100 | Reward: 8177.40 | Policy Loss: 0.0217 | Value Loss: 41767.6407:16,  9.73s/it]
                                                                                            Ep 75/100 | Reward: 8550.08 | Policy Loss: 0.0521 | Value Loss: 82900.1232:56,  9.11s/it]
                                                                                            Ep 100/100 | Reward: 8376.82 | Policy Loss: 0.0948 | Value Loss: 82103.555409,  9.53s/it]
                                                                                            Trial 65 complete: 8325.43

[I 2025-11-24 12:42:34,428] Trial 65 finished with value: 8325.426617415844 and parameters: {'lr': 0.0003, 'gamma': 0.995, 'eps_clip': 0.2, 'update_freq': 20}. Best is trial 65 with value: 8325.42661741584.
Best trial: 65. Best value: 8325.43:  90%|▉| 9/10 [1:19:04
Trial 73:
  lr=0.000300, gamma=0.995, eps_clip=0.20, update_freq=20
                                                                                            Ep 25/100 | Reward: 7407.85 | Policy Loss: 0.1682 | Value Loss: 15233.1799:07,  9.57s/it]
                                                                                            Ep 50/100 | Reward: 7272.92 | Policy Loss: 0.0029 | Value Loss: 102560.737652, 10.43s/it]
                                                                                            Ep 75/100 | Reward: 7659.41 | Policy Loss: -0.0084 | Value Loss: 49853.693754,  9.01s/it]
               